TN:
SF:/data/home/paulning/agent/scx_agent/lib/agent-common/src/byte_size_of.rs
FN:19,ByteSizeOf::size_of
FN:38,<impl ByteSizeOf for &T>::allocated_bytes
FN:44,<impl ByteSizeOf for Bytes>::allocated_bytes
FNF:3
FNDA:1,ByteSizeOf::size_of
FNDA:0,<impl ByteSizeOf for &T>::allocated_bytes
FNDA:0,<impl ByteSizeOf for Bytes>::allocated_bytes
DA:19,1
DA:20,1
DA:38,0
DA:39,0
DA:44,0
DA:45,0
DA:56,1
DA:57,1
DA:62,0
DA:63,0
DA:68,0
DA:78,0
DA:79,0
DA:80,0
DA:88,0
DA:89,0
DA:97,0
DA:98,0
DA:106,0
DA:107,0
DA:115,0
DA:116,0
DA:124,0
DA:125,0
DA:128,0
DA:129,0
DA:137,2
DA:138,2
DA:145,0
DA:166,0
DA:167,0
DA:172,0
DA:173,0
DA:174,0
DA:175,0
DA:176,0
DA:177,0
DA:183,0
DA:184,0
DA:185,0
DA:186,0
DA:187,0
DA:188,0
DA:204,0
DA:205,0
DA:206,0
DA:214,0
DA:215,0
LF:48
LH:6
end_of_record
TN:
SF:/data/home/paulning/agent/scx_agent/lib/agent-common/src/config.rs
FN:20,ComponentKey::id
FN:25,ComponentKey::join
FN:32,ComponentKey::port
FN:37,ComponentKey::into_id
FN:43,<impl AsRef for ComponentKey>::as_ref
FN:55,<impl From for ComponentKey>::from
FN:61,<impl From for String>::from
FN:67,<impl Display for ComponentKey>::fmt
FN:73,<impl Ord for ComponentKey>::cmp
FN:79,<impl PartialOrd for ComponentKey>::partial_cmp
FNF:10
FNDA:0,ComponentKey::id
FNDA:0,ComponentKey::join
FNDA:0,ComponentKey::port
FNDA:0,ComponentKey::into_id
FNDA:0,<impl AsRef for ComponentKey>::as_ref
FNDA:0,<impl From for ComponentKey>::from
FNDA:0,<impl From for String>::from
FNDA:0,<impl Display for ComponentKey>::fmt
FNDA:0,<impl Ord for ComponentKey>::cmp
FNDA:0,<impl PartialOrd for ComponentKey>::partial_cmp
DA:20,0
DA:21,0
DA:25,0
DA:28,0
DA:32,0
DA:33,0
DA:37,0
DA:38,0
DA:43,0
DA:49,0
DA:55,0
DA:56,0
DA:61,0
DA:62,0
DA:67,0
DA:68,0
DA:73,0
DA:74,0
DA:79,0
DA:80,0
LF:20
LH:0
end_of_record
TN:
SF:/data/home/paulning/agent/scx_agent/lib/agent-common/src/event_data_eq.rs
FN:52,<impl EventDataEq for &[T]>::event_data_eq
FN:62,<impl EventDataEq for Vec<T>>::event_data_eq
FN:68,<impl EventDataEq for Option<T>>::event_data_eq
FN:78,<impl EventDataEq for Result<R,E>>::event_data_eq
FNF:4
FNDA:0,<impl EventDataEq for &[T]>::event_data_eq
FNDA:0,<impl EventDataEq for Vec<T>>::event_data_eq
FNDA:0,<impl EventDataEq for Option<T>>::event_data_eq
FNDA:0,<impl EventDataEq for Result<R,E>>::event_data_eq
DA:52,0
DA:53,0
DA:54,0
DA:55,0
DA:56,0
DA:57,0
DA:62,0
DA:63,0
DA:68,0
DA:69,0
DA:70,0
DA:71,0
DA:72,0
DA:78,0
DA:79,0
DA:80,0
DA:81,0
DA:82,0
LF:18
LH:0
end_of_record
TN:
SF:/data/home/paulning/agent/scx_agent/lib/agent-common/src/finalization.rs
FN:21,<impl PartialEq for EventFinalizers>::eq
FN:30,<impl PartialOrd for EventFinalizers>::partial_cmp
FN:40,<impl ByteSizeOf for EventFinalizers>::allocated_bytes
FN:54,EventFinalizers::new
FN:60,EventFinalizers::is_empty
FN:66,EventFinalizers::len
FN:71,EventFinalizers::add
FN:76,EventFinalizers::merge
FN:81,EventFinalizers::update_status
FN:88,EventFinalizers::update_sources
FN:97,<impl Finalizable for EventFinalizers>::take_finalizers
FN:103,<impl FromIterator for EventFinalizers>::from_iter
FN:121,<impl ByteSizeOf for EventFinalizer>::allocated_bytes
FN:131,EventFinalizer::new
FN:137,EventFinalizer::update_status
FN:146,EventFinalizer::update_batch
FN:156,<impl Drop for EventFinalizer>::drop
FN:168,<impl Future for BatchStatusReceiver>::poll
FN:187,BatchStatusReceiver::try_recv
FN:201,BatchNotifier::new_with_receiver
FN:212,BatchNotifier::maybe_new_with_receiver
FN:222,BatchNotifier::update_status
FN:243,OwnedBatchNotifier::send_status
FN:254,<impl Drop for OwnedBatchNotifier>::drop
FN:275,<impl Default for BatchStatus>::default
FN:285,BatchStatus::update
FN:319,<impl Default for EventStatus>::default
FN:334,EventStatus::update
FN:366,<impl Finalizable for Vec<T>>::take_finalizers
FNF:29
FNDA:0,<impl PartialEq for EventFinalizers>::eq
FNDA:0,<impl PartialOrd for EventFinalizers>::partial_cmp
FNDA:1,<impl ByteSizeOf for EventFinalizers>::allocated_bytes
FNDA:0,EventFinalizers::new
FNDA:0,EventFinalizers::is_empty
FNDA:0,EventFinalizers::len
FNDA:0,EventFinalizers::add
FNDA:0,EventFinalizers::merge
FNDA:1,EventFinalizers::update_status
FNDA:0,EventFinalizers::update_sources
FNDA:0,<impl Finalizable for EventFinalizers>::take_finalizers
FNDA:0,<impl FromIterator for EventFinalizers>::from_iter
FNDA:0,<impl ByteSizeOf for EventFinalizer>::allocated_bytes
FNDA:0,EventFinalizer::new
FNDA:0,EventFinalizer::update_status
FNDA:0,EventFinalizer::update_batch
FNDA:0,<impl Drop for EventFinalizer>::drop
FNDA:0,<impl Future for BatchStatusReceiver>::poll
FNDA:0,BatchStatusReceiver::try_recv
FNDA:0,BatchNotifier::new_with_receiver
FNDA:0,BatchNotifier::maybe_new_with_receiver
FNDA:0,BatchNotifier::update_status
FNDA:0,OwnedBatchNotifier::send_status
FNDA:0,<impl Drop for OwnedBatchNotifier>::drop
FNDA:0,<impl Default for BatchStatus>::default
FNDA:0,BatchStatus::update
FNDA:0,<impl Default for EventStatus>::default
FNDA:0,EventStatus::update
FNDA:0,<impl Finalizable for Vec<T>>::take_finalizers
DA:21,0
DA:22,0
DA:23,0
DA:24,0
DA:25,0
DA:30,0
DA:35,0
DA:40,1
DA:54,0
DA:55,0
DA:60,0
DA:61,0
DA:66,0
DA:67,0
DA:71,0
DA:72,0
DA:76,0
DA:77,0
DA:81,1
DA:82,2
DA:83,0
DA:88,0
DA:89,0
DA:90,0
DA:91,0
DA:97,0
DA:98,0
DA:103,0
DA:104,0
DA:121,0
DA:131,0
DA:132,0
DA:137,0
DA:138,0
DA:139,0
DA:140,0
DA:146,0
DA:147,0
DA:149,0
DA:150,0
DA:151,0
DA:156,0
DA:157,0
DA:168,0
DA:169,0
DA:170,0
DA:171,0
DA:173,0
DA:174,0
DA:187,0
DA:188,0
DA:201,0
DA:202,0
DA:204,0
DA:205,0
DA:207,0
DA:212,0
DA:213,0
DA:214,0
DA:215,0
DA:217,0
DA:222,0
DA:225,0
DA:226,0
DA:228,0
DA:229,0
DA:243,0
DA:244,0
DA:245,0
DA:248,0
DA:254,0
DA:255,0
DA:275,0
DA:285,0
DA:286,0
DA:288,0
DA:290,0
DA:292,0
DA:294,0
DA:319,0
DA:334,0
DA:335,0
DA:337,0
DA:339,0
DA:342,0
DA:346,0
DA:348,0
DA:350,0
DA:366,0
DA:367,0
DA:368,0
DA:369,0
DA:370,0
LF:93
LH:3
end_of_record
TN:
SF:/data/home/paulning/agent/scx_agent/lib/agent-common/src/json_size.rs
FN:14,<impl Display for JsonSize>::fmt
FN:23,<impl Sub for JsonSize>::sub
FN:33,<impl Add for JsonSize>::add
FN:41,<impl AddAssign for JsonSize>::add_assign
FN:48,<impl Sum for JsonSize>::sum
FN:69,JsonSize::new
FN:76,JsonSize::zero
FN:83,JsonSize::get
FN:95,NonZeroJsonSize::new
FN:102,<impl From for JsonSize>::from
FNF:10
FNDA:0,<impl Display for JsonSize>::fmt
FNDA:0,<impl Sub for JsonSize>::sub
FNDA:0,<impl Add for JsonSize>::add
FNDA:0,<impl AddAssign for JsonSize>::add_assign
FNDA:0,<impl Sum for JsonSize>::sum
FNDA:0,JsonSize::new
FNDA:0,JsonSize::zero
FNDA:3,JsonSize::get
FNDA:0,NonZeroJsonSize::new
FNDA:0,<impl From for JsonSize>::from
DA:14,0
DA:15,0
DA:23,0
DA:24,0
DA:25,0
DA:33,0
DA:34,0
DA:35,0
DA:41,0
DA:42,0
DA:48,0
DA:49,0
DA:50,0
DA:51,0
DA:54,0
DA:60,1
DA:61,0
DA:69,0
DA:70,0
DA:76,0
DA:77,0
DA:83,3
DA:84,1
DA:95,0
DA:96,0
DA:102,0
DA:103,0
LF:27
LH:3
end_of_record
TN:
SF:/data/home/paulning/agent/scx_agent/lib/agent-config/src/component/description.rs
FN:54,ComponentDescription<T>::new
FN:65,ComponentDescription<T>::example
FN:76,ComponentDescription<T>::types
FN:86,ComponentDescription<T>::generate_schemas
FN:97,ComponentDescription<T>::generate_schema
FNF:5
FNDA:0,ComponentDescription<T>::new
FNDA:0,ComponentDescription<T>::example
FNDA:0,ComponentDescription<T>::types
FNDA:0,ComponentDescription<T>::generate_schemas
FNDA:0,ComponentDescription<T>::generate_schema
DA:54,0
DA:65,0
DA:66,0
DA:68,0
DA:69,0
DA:70,0
DA:72,0
DA:76,0
DA:77,0
DA:78,0
DA:79,0
DA:81,0
DA:82,0
DA:86,0
DA:87,0
DA:88,0
DA:89,0
DA:91,0
DA:93,0
DA:97,0
DA:101,0
DA:102,0
DA:103,0
DA:104,0
DA:106,0
DA:107,0
DA:108,0
DA:110,0
DA:111,0
DA:112,0
DA:113,0
DA:115,0
DA:117,0
DA:118,0
DA:119,0
DA:120,0
DA:121,0
DA:123,0
DA:124,0
DA:125,0
DA:127,0
LF:41
LH:0
end_of_record
TN:
SF:/data/home/paulning/agent/scx_agent/lib/agent-config/src/component/generate.rs
FNF:0
DA:10,0
DA:11,0
LF:2
LH:0
end_of_record
TN:
SF:/data/home/paulning/agent/scx_agent/lib/agent-config/src/configurable.rs
FN:29,Configurable::referenceable_name
FN:45,Configurable::is_optional
FN:49,Configurable::metadata
FN:63,Configurable::validate_metadata
FN:81,Configurable::as_configurable_ref
FN:112,ConfigurableRef::new
FN:122,ConfigurableRef::type_name
FN:125,ConfigurableRef::referenceable_name
FN:128,ConfigurableRef::make_metadata
FN:131,ConfigurableRef::validate_metadata
FN:134,ConfigurableRef::generate_schema
FNF:11
FNDA:0,Configurable::referenceable_name
FNDA:0,Configurable::is_optional
FNDA:0,Configurable::metadata
FNDA:0,Configurable::validate_metadata
FNDA:0,Configurable::as_configurable_ref
FNDA:0,ConfigurableRef::new
FNDA:0,ConfigurableRef::type_name
FNDA:0,ConfigurableRef::referenceable_name
FNDA:0,ConfigurableRef::make_metadata
FNDA:0,ConfigurableRef::validate_metadata
FNDA:0,ConfigurableRef::generate_schema
DA:29,0
DA:45,0
DA:49,0
DA:53,0
DA:63,0
DA:67,0
DA:81,0
DA:85,0
DA:112,0
DA:122,0
DA:123,0
DA:125,0
DA:126,0
DA:128,0
DA:129,0
DA:131,0
DA:132,0
DA:134,0
DA:138,0
LF:19
LH:0
end_of_record
TN:
SF:/data/home/paulning/agent/scx_agent/lib/agent-config/src/external/chrono.rs
FN:15,<impl Configurable for DateTime<TZ>>::metadata
FN:21,<impl Configurable for DateTime<TZ>>::generate_schema
FN:31,<impl ToValue for DateTime<TZ>>::to_value
FNF:3
FNDA:0,<impl Configurable for DateTime<TZ>>::metadata
FNDA:0,<impl Configurable for DateTime<TZ>>::generate_schema
FNDA:0,<impl ToValue for DateTime<TZ>>::to_value
DA:15,0
DA:16,0
DA:17,0
DA:18,0
DA:21,0
DA:22,0
DA:31,0
DA:32,0
LF:8
LH:0
end_of_record
TN:
SF:/data/home/paulning/agent/scx_agent/lib/agent-config/src/external/datetime.rs
FN:15,<impl Configurable for TimeZone>::referenceable_name
FN:19,<impl Configurable for TimeZone>::metadata
FN:41,<impl Configurable for TimeZone>::generate_schema
FN:61,<impl ToValue for TimeZone>::to_value
FNF:4
FNDA:0,<impl Configurable for TimeZone>::referenceable_name
FNDA:0,<impl Configurable for TimeZone>::metadata
FNDA:0,<impl Configurable for TimeZone>::generate_schema
FNDA:0,<impl ToValue for TimeZone>::to_value
DA:15,0
DA:16,0
DA:19,0
DA:20,0
DA:21,0
DA:22,0
DA:25,0
DA:29,0
DA:30,0
DA:34,0
DA:38,0
DA:41,0
DA:42,0
DA:43,0
DA:44,0
DA:45,0
DA:47,0
DA:48,0
DA:53,0
DA:54,0
DA:56,0
DA:61,0
DA:62,0
LF:23
LH:0
end_of_record
TN:
SF:/data/home/paulning/agent/scx_agent/lib/agent-config/src/external/encoding_rs.rs
FN:17,<impl Configurable for &'staticEncoding>::referenceable_name
FN:20,<impl Configurable for &'staticEncoding>::metadata
FN:28,<impl Configurable for &'staticEncoding>::generate_schema
FN:34,<impl ToValue for &'staticEncoding>::to_value
FNF:4
FNDA:0,<impl Configurable for &'staticEncoding>::referenceable_name
FNDA:0,<impl Configurable for &'staticEncoding>::metadata
FNDA:0,<impl Configurable for &'staticEncoding>::generate_schema
FNDA:0,<impl ToValue for &'staticEncoding>::to_value
DA:17,0
DA:20,0
DA:21,0
DA:22,0
DA:25,0
DA:28,0
DA:29,0
DA:34,0
DA:35,0
LF:9
LH:0
end_of_record
TN:
SF:/data/home/paulning/agent/scx_agent/lib/agent-config/src/external/indexmap.rs
FN:20,<impl Configurable for IndexMap<K,V>>::is_optional
FN:26,<impl Configurable for IndexMap<K,V>>::metadata
FN:30,<impl Configurable for IndexMap<K,V>>::validate_metadata
FN:35,<impl Configurable for IndexMap<K,V>>::generate_schema
FN:52,<impl ToValue for IndexMap<K,V>>::to_value
FN:65,<impl Configurable for IndexSet<V>>::metadata
FN:69,<impl Configurable for IndexSet<V>>::validate_metadata
FN:74,<impl Configurable for IndexSet<V>>::generate_schema
FN:80,<impl ToValue for IndexSet<V>>::to_value
FNF:9
FNDA:0,<impl Configurable for IndexMap<K,V>>::is_optional
FNDA:0,<impl Configurable for IndexMap<K,V>>::metadata
FNDA:0,<impl Configurable for IndexMap<K,V>>::validate_metadata
FNDA:0,<impl Configurable for IndexMap<K,V>>::generate_schema
FNDA:0,<impl ToValue for IndexMap<K,V>>::to_value
FNDA:0,<impl Configurable for IndexSet<V>>::metadata
FNDA:0,<impl Configurable for IndexSet<V>>::validate_metadata
FNDA:0,<impl Configurable for IndexSet<V>>::generate_schema
FNDA:0,<impl ToValue for IndexSet<V>>::to_value
DA:20,0
DA:23,0
DA:26,0
DA:27,0
DA:30,0
DA:31,0
DA:32,0
DA:35,0
DA:38,0
DA:39,0
DA:40,0
DA:43,0
DA:52,0
DA:54,0
DA:55,0
DA:56,0
DA:65,0
DA:66,0
DA:69,0
DA:70,0
DA:71,0
DA:74,0
DA:75,0
DA:80,0
DA:81,0
LF:25
LH:0
end_of_record
TN:
SF:/data/home/paulning/agent/scx_agent/lib/agent-config/src/external/serde_with.rs
FN:17,<impl Configurable for serde_with::As<T>>::referenceable_name
FN:22,<impl Configurable for serde_with::As<T>>::metadata
FN:31,<impl Configurable for serde_with::As<T>>::validate_metadata
FN:41,<impl Configurable for serde_with::As<T>>::generate_schema
FN:56,<impl Configurable for serde_with::DurationSeconds<u64,serde_with::formats::Strict>>::referenceable_name
FN:59,<impl Configurable for serde_with::DurationSeconds<u64,serde_with::formats::Strict>>::metadata
FN:73,<impl Configurable for serde_with::DurationSeconds<u64,serde_with::formats::Strict>>::generate_schema
FN:85,<impl Configurable for serde_with::DurationSecondsWithFrac<f64,serde_with::formats::Strict>>::referenceable_name
FN:88,<impl Configurable for serde_with::DurationSecondsWithFrac<f64,serde_with::formats::Strict>>::metadata
FN:102,<impl Configurable for serde_with::DurationSecondsWithFrac<f64,serde_with::formats::Strict>>::generate_schema
FN:113,<impl Configurable for serde_with::DurationMilliSeconds<u64,serde_with::formats::Strict>>::referenceable_name
FN:116,<impl Configurable for serde_with::DurationMilliSeconds<u64,serde_with::formats::Strict>>::metadata
FN:130,<impl Configurable for serde_with::DurationMilliSeconds<u64,serde_with::formats::Strict>>::generate_schema
FN:138,<impl Configurable for Option<serde_with::DurationMilliSeconds<u64,serde_with::formats::Strict>>>::generate_schema
FNF:14
FNDA:0,<impl Configurable for serde_with::As<T>>::referenceable_name
FNDA:0,<impl Configurable for serde_with::As<T>>::metadata
FNDA:0,<impl Configurable for serde_with::As<T>>::validate_metadata
FNDA:0,<impl Configurable for serde_with::As<T>>::generate_schema
FNDA:0,<impl Configurable for serde_with::DurationSeconds<u64,serde_with::formats::Strict>>::referenceable_name
FNDA:0,<impl Configurable for serde_with::DurationSeconds<u64,serde_with::formats::Strict>>::metadata
FNDA:0,<impl Configurable for serde_with::DurationSeconds<u64,serde_with::formats::Strict>>::generate_schema
FNDA:0,<impl Configurable for serde_with::DurationSecondsWithFrac<f64,serde_with::formats::Strict>>::referenceable_name
FNDA:0,<impl Configurable for serde_with::DurationSecondsWithFrac<f64,serde_with::formats::Strict>>::metadata
FNDA:0,<impl Configurable for serde_with::DurationSecondsWithFrac<f64,serde_with::formats::Strict>>::generate_schema
FNDA:0,<impl Configurable for serde_with::DurationMilliSeconds<u64,serde_with::formats::Strict>>::referenceable_name
FNDA:0,<impl Configurable for serde_with::DurationMilliSeconds<u64,serde_with::formats::Strict>>::metadata
FNDA:0,<impl Configurable for serde_with::DurationMilliSeconds<u64,serde_with::formats::Strict>>::generate_schema
FNDA:0,<impl Configurable for Option<serde_with::DurationMilliSeconds<u64,serde_with::formats::Strict>>>::generate_schema
DA:17,0
DA:19,0
DA:22,0
DA:28,0
DA:31,0
DA:37,0
DA:38,0
DA:41,0
DA:47,0
DA:56,0
DA:59,0
DA:60,0
DA:61,0
DA:62,0
DA:64,0
DA:66,0
DA:70,0
DA:73,0
DA:76,0
DA:85,0
DA:88,0
DA:89,0
DA:90,0
DA:91,0
DA:93,0
DA:95,0
DA:99,0
DA:102,0
DA:105,0
DA:113,0
DA:116,0
DA:117,0
DA:118,0
DA:119,0
DA:121,0
DA:123,0
DA:127,0
DA:130,0
DA:133,0
DA:138,0
DA:142,0
LF:41
LH:0
end_of_record
TN:
SF:/data/home/paulning/agent/scx_agent/lib/agent-config/src/external/toml.rs
FN:11,<impl Configurable for toml::Value>::generate_schema
FN:19,<impl ToValue for toml::Value>::to_value
FNF:2
FNDA:0,<impl Configurable for toml::Value>::generate_schema
FNDA:0,<impl ToValue for toml::Value>::to_value
DA:11,0
DA:14,0
DA:19,0
DA:20,0
LF:4
LH:0
end_of_record
TN:
SF:/data/home/paulning/agent/scx_agent/lib/agent-config/src/external/tz.rs
FN:11,<impl Configurable for chrono_tz::Tz>::metadata
FN:17,<impl Configurable for chrono_tz::Tz>::generate_schema
FN:23,<impl ToValue for chrono_tz::Tz>::to_value
FNF:3
FNDA:0,<impl Configurable for chrono_tz::Tz>::metadata
FNDA:0,<impl Configurable for chrono_tz::Tz>::generate_schema
FNDA:0,<impl ToValue for chrono_tz::Tz>::to_value
DA:11,0
DA:12,0
DA:13,0
DA:14,0
DA:17,0
DA:18,0
DA:23,0
DA:24,0
LF:8
LH:0
end_of_record
TN:
SF:/data/home/paulning/agent/scx_agent/lib/agent-config/src/external/url.rs
FN:12,<impl Configurable for url::Url>::metadata
FN:19,<impl Configurable for url::Url>::generate_schema
FN:25,<impl ToValue for url::Url>::to_value
FNF:3
FNDA:0,<impl Configurable for url::Url>::metadata
FNDA:0,<impl Configurable for url::Url>::generate_schema
FNDA:0,<impl ToValue for url::Url>::to_value
DA:12,0
DA:13,0
DA:14,0
DA:15,0
DA:16,0
DA:19,0
DA:20,0
DA:25,0
DA:26,0
LF:9
LH:0
end_of_record
TN:
SF:/data/home/paulning/agent/scx_agent/lib/agent-config/src/external/vrl.rs
FN:12,<impl Configurable for VrlRuntime>::metadata
FN:18,<impl Configurable for VrlRuntime>::generate_schema
FN:24,<impl ToValue for VrlRuntime>::to_value
FN:32,<impl Configurable for QueryNode>::generate_schema
FNF:4
FNDA:0,<impl Configurable for VrlRuntime>::metadata
FNDA:0,<impl Configurable for VrlRuntime>::generate_schema
FNDA:0,<impl ToValue for VrlRuntime>::to_value
FNDA:0,<impl Configurable for QueryNode>::generate_schema
DA:12,0
DA:13,0
DA:14,0
DA:15,0
DA:18,0
DA:19,0
DA:24,0
DA:25,0
DA:26,0
DA:32,0
DA:36,0
DA:45,0
DA:46,0
DA:49,0
DA:51,0
DA:65,0
DA:66,0
LF:17
LH:0
end_of_record
TN:
SF:/data/home/paulning/agent/scx_agent/lib/agent-config/src/lib.rs
FN:40,__ensure_numeric_validation_bounds
FNF:1
FNDA:0,__ensure_numeric_validation_bounds
DA:40,0
DA:53,0
DA:54,0
DA:56,0
DA:57,0
DA:58,0
DA:59,0
DA:60,0
DA:61,0
DA:62,0
DA:63,0
DA:64,0
DA:69,0
DA:70,0
DA:71,0
DA:72,0
DA:73,0
DA:74,0
DA:75,0
DA:82,0
LF:20
LH:0
end_of_record
TN:
SF:/data/home/paulning/agent/scx_agent/lib/agent-config/src/metadata.rs
FN:21,Metadata::with_title
FN:28,Metadata::title
FN:32,Metadata::set_title
FN:36,Metadata::clear_title
FN:40,Metadata::with_description
FN:47,Metadata::description
FN:51,Metadata::set_description
FN:55,Metadata::clear_description
FN:59,Metadata::default_value
FN:63,Metadata::set_default_value
FN:67,Metadata::deprecated
FN:71,Metadata::set_deprecated
FN:75,Metadata::deprecated_message
FN:79,Metadata::set_deprecated_message
FN:83,Metadata::with_transparent
FN:90,Metadata::transparent
FN:94,Metadata::set_transparent
FN:98,Metadata::custom_attributes
FN:102,Metadata::add_custom_attribute
FN:106,Metadata::validations
FN:110,Metadata::add_validation
FN:114,Metadata::merge
FN:133,Metadata::convert
FN:148,<impl Debug for Metadata>::fmt
FNF:24
FNDA:0,Metadata::with_title
FNDA:0,Metadata::title
FNDA:0,Metadata::set_title
FNDA:0,Metadata::clear_title
FNDA:0,Metadata::with_description
FNDA:0,Metadata::description
FNDA:0,Metadata::set_description
FNDA:0,Metadata::clear_description
FNDA:0,Metadata::default_value
FNDA:0,Metadata::set_default_value
FNDA:0,Metadata::deprecated
FNDA:0,Metadata::set_deprecated
FNDA:0,Metadata::deprecated_message
FNDA:0,Metadata::set_deprecated_message
FNDA:0,Metadata::with_transparent
FNDA:0,Metadata::transparent
FNDA:0,Metadata::set_transparent
FNDA:0,Metadata::custom_attributes
FNDA:0,Metadata::add_custom_attribute
FNDA:0,Metadata::validations
FNDA:0,Metadata::add_validation
FNDA:0,Metadata::merge
FNDA:0,Metadata::convert
FNDA:0,<impl Debug for Metadata>::fmt
DA:21,0
DA:23,0
DA:28,0
DA:29,0
DA:32,0
DA:33,0
DA:36,0
DA:37,0
DA:40,0
DA:42,0
DA:47,0
DA:48,0
DA:51,0
DA:52,0
DA:55,0
DA:56,0
DA:59,0
DA:60,0
DA:63,0
DA:64,0
DA:67,0
DA:68,0
DA:71,0
DA:72,0
DA:75,0
DA:76,0
DA:79,0
DA:80,0
DA:83,0
DA:90,0
DA:91,0
DA:94,0
DA:95,0
DA:98,0
DA:99,0
DA:102,0
DA:103,0
DA:106,0
DA:107,0
DA:110,0
DA:111,0
DA:114,0
DA:115,0
DA:116,0
DA:119,0
DA:120,0
DA:121,0
DA:122,0
DA:123,0
DA:124,0
DA:125,0
DA:126,0
DA:133,0
DA:135,0
DA:136,0
DA:138,0
DA:139,0
DA:140,0
DA:141,0
DA:142,0
DA:148,0
DA:149,0
DA:150,0
DA:151,0
DA:154,0
DA:155,0
DA:157,0
DA:161,0
DA:162,0
DA:163,0
DA:164,0
LF:71
LH:0
end_of_record
TN:
SF:/data/home/paulning/agent/scx_agent/lib/agent-config/src/num.rs
FN:34,NumberClass::as_instance_type
FN:55,ConfigurableNumber::is_nonzero
FN:65,ConfigurableNumber::requires_nonzero_exclusion
FN:70,ConfigurableNumber::get_encoded_zero_value
FN:79,ConfigurableNumber::get_enforced_min_bound
FN:102,ConfigurableNumber::get_enforced_max_bound
FNF:6
FNDA:0,NumberClass::as_instance_type
FNDA:0,ConfigurableNumber::is_nonzero
FNDA:0,ConfigurableNumber::requires_nonzero_exclusion
FNDA:0,ConfigurableNumber::get_encoded_zero_value
FNDA:0,ConfigurableNumber::get_enforced_min_bound
FNDA:0,ConfigurableNumber::get_enforced_max_bound
DA:34,0
DA:35,0
DA:36,0
DA:37,0
DA:55,0
DA:56,0
DA:65,0
DA:66,0
DA:70,0
DA:71,0
DA:72,0
DA:73,0
DA:74,0
DA:79,0
DA:80,0
DA:84,0
DA:86,0
DA:89,0
DA:90,0
DA:94,0
DA:95,0
DA:97,0
DA:102,0
DA:103,0
DA:104,0
DA:108,0
DA:109,0
DA:111,0
DA:168,0
DA:169,0
DA:170,0
DA:171,0
DA:172,0
LF:33
LH:0
end_of_record
TN:
SF:/data/home/paulning/agent/scx_agent/lib/agent-config/src/schema/helpers.rs
FN:24,apply_base_metadata
FN:28,apply_metadata
FN:150,convert_to_flattened_schema
FN:166,generate_null_schema
FN:173,generate_bool_schema
FN:180,generate_string_schema
FN:187,generate_number_schema
FN:225,generate_array_schema
FN:242,generate_set_schema
FN:260,generate_map_schema
FN:277,generate_struct_schema
FN:298,generate_optional_schema
FN:409,generate_one_of_schema
FN:424,generate_any_of_schema
FN:439,generate_tuple_schema
FN:458,generate_enum_schema
FN:465,generate_const_string_schema
FN:472,generate_internal_tagged_variant_schema
FN:485,default_schema_settings
FN:491,get_or_generate_schema
FN:572,get_schema_ref
FN:592,assert_string_schema_for_map
FN:649,has_ambiguous_discriminants
FNF:23
FNDA:0,apply_base_metadata
FNDA:0,apply_metadata
FNDA:0,convert_to_flattened_schema
FNDA:0,generate_null_schema
FNDA:0,generate_bool_schema
FNDA:0,generate_string_schema
FNDA:0,generate_number_schema
FNDA:0,generate_array_schema
FNDA:0,generate_set_schema
FNDA:0,generate_map_schema
FNDA:0,generate_struct_schema
FNDA:0,generate_optional_schema
FNDA:0,generate_one_of_schema
FNDA:0,generate_any_of_schema
FNDA:0,generate_tuple_schema
FNDA:0,generate_enum_schema
FNDA:0,generate_const_string_schema
FNDA:0,generate_internal_tagged_variant_schema
FNDA:0,default_schema_settings
FNDA:0,get_or_generate_schema
FNDA:0,get_schema_ref
FNDA:0,assert_string_schema_for_map
FNDA:0,has_ambiguous_discriminants
DA:24,0
DA:25,0
DA:28,0
DA:29,0
DA:30,0
DA:42,0
DA:44,0
DA:46,0
DA:55,0
DA:57,0
DA:58,0
DA:59,0
DA:63,0
DA:70,0
DA:71,0
DA:72,0
DA:73,0
DA:75,0
DA:76,0
DA:83,0
DA:85,0
DA:86,0
DA:90,0
DA:91,0
DA:92,0
DA:93,0
DA:97,0
DA:98,0
DA:99,0
DA:100,0
DA:107,0
DA:110,0
DA:111,0
DA:112,0
DA:116,0
DA:119,0
DA:120,0
DA:124,0
DA:125,0
DA:128,0
DA:133,0
DA:138,0
DA:139,0
DA:143,0
DA:144,0
DA:147,0
DA:150,0
DA:154,0
DA:155,0
DA:157,0
DA:160,0
DA:161,0
DA:162,0
DA:166,0
DA:168,0
DA:173,0
DA:175,0
DA:180,0
DA:182,0
DA:187,0
DA:194,0
DA:195,0
DA:200,0
DA:201,0
DA:212,0
DA:213,0
DA:214,0
DA:215,0
DA:216,0
DA:218,0
DA:222,0
DA:225,0
DA:230,0
DA:232,0
DA:233,0
DA:234,0
DA:235,0
DA:236,0
DA:238,0
DA:242,0
DA:247,0
DA:249,0
DA:250,0
DA:251,0
DA:252,0
DA:253,0
DA:254,0
DA:256,0
DA:260,0
DA:265,0
DA:267,0
DA:268,0
DA:269,0
DA:270,0
DA:271,0
DA:273,0
DA:277,0
DA:282,0
DA:284,0
DA:287,0
DA:288,0
DA:298,0
DA:320,0
DA:321,0
DA:322,0
DA:329,0
DA:330,0
DA:333,0
DA:339,0
DA:347,0
DA:357,0
DA:359,0
DA:360,0
DA:362,0
DA:363,0
DA:365,0
DA:366,0
DA:370,0
DA:375,0
DA:382,0
DA:383,0
DA:384,0
DA:387,0
DA:391,0
DA:392,0
DA:393,0
DA:395,0
DA:396,0
DA:403,0
DA:404,0
DA:406,0
DA:409,0
DA:410,0
DA:412,0
DA:416,0
DA:424,0
DA:425,0
DA:427,0
DA:431,0
DA:439,0
DA:440,0
DA:442,0
DA:446,0
DA:447,0
DA:458,0
DA:460,0
DA:465,0
DA:467,0
DA:472,0
DA:476,0
DA:477,0
DA:479,0
DA:480,0
DA:482,0
DA:485,0
DA:486,0
DA:491,0
DA:496,0
DA:497,0
DA:501,0
DA:502,0
DA:508,0
DA:510,0
DA:522,0
DA:523,0
DA:525,0
DA:527,0
DA:530,0
DA:533,0
DA:546,0
DA:547,0
DA:550,0
DA:555,0
DA:556,0
DA:563,0
DA:564,0
DA:565,0
DA:569,0
DA:572,0
DA:573,0
DA:575,0
DA:576,0
DA:578,0
DA:592,0
DA:597,0
DA:598,0
DA:602,0
DA:603,0
DA:605,0
DA:609,0
DA:610,0
DA:611,0
DA:613,0
DA:616,0
DA:617,0
DA:618,0
DA:620,0
DA:623,0
DA:624,0
DA:625,0
DA:627,0
DA:633,0
DA:636,0
DA:639,0
DA:640,0
DA:642,0
DA:649,0
DA:653,0
DA:654,0
DA:658,0
DA:660,0
DA:662,0
DA:668,0
DA:669,0
LF:214
LH:0
end_of_record
TN:
SF:/data/home/paulning/agent/scx_agent/lib/agent-config/src/schema/parser/component.rs
FN:23,SchemaError::invalid_component_schema
FN:48,ComponentSchema<'_>::component_type
FN:58,ComponentSchema<'_>::component_name
FN:64,<impl QueryableSchema for ComponentSchema<'_>>::schema_type
FN:68,<impl QueryableSchema for ComponentSchema<'_>>::description
FN:72,<impl QueryableSchema for ComponentSchema<'_>>::title
FN:76,<impl QueryableSchema for ComponentSchema<'_>>::get_attributes
FN:80,<impl QueryableSchema for ComponentSchema<'_>>::get_attribute
FN:84,<impl QueryableSchema for ComponentSchema<'_>>::has_flag_attribute
FN:92,<impl TryFrom for ComponentSchema<'a>>::try_from
FN:117,get_component_metadata_kv_str
FNF:11
FNDA:0,SchemaError::invalid_component_schema
FNDA:0,ComponentSchema<'_>::component_type
FNDA:0,ComponentSchema<'_>::component_name
FNDA:0,<impl QueryableSchema for ComponentSchema<'_>>::schema_type
FNDA:0,<impl QueryableSchema for ComponentSchema<'_>>::description
FNDA:0,<impl QueryableSchema for ComponentSchema<'_>>::title
FNDA:0,<impl QueryableSchema for ComponentSchema<'_>>::get_attributes
FNDA:0,<impl QueryableSchema for ComponentSchema<'_>>::get_attribute
FNDA:0,<impl QueryableSchema for ComponentSchema<'_>>::has_flag_attribute
FNDA:0,<impl TryFrom for ComponentSchema<'a>>::try_from
FNDA:0,get_component_metadata_kv_str
DA:23,0
DA:29,0
DA:48,0
DA:49,0
DA:58,0
DA:59,0
DA:64,0
DA:65,0
DA:68,0
DA:69,0
DA:72,0
DA:73,0
DA:76,0
DA:77,0
DA:80,0
DA:81,0
DA:84,0
DA:85,0
DA:92,0
DA:94,0
DA:95,0
DA:96,0
DA:97,0
DA:98,0
DA:99,0
DA:100,0
DA:106,0
DA:107,0
DA:109,0
DA:110,0
DA:111,0
DA:112,0
DA:117,0
DA:121,0
DA:122,0
DA:123,0
DA:124,0
DA:125,0
DA:126,0
DA:127,0
DA:128,0
DA:130,0
DA:132,0
DA:133,0
DA:134,0
DA:135,0
DA:136,0
LF:47
LH:0
end_of_record
TN:
SF:/data/home/paulning/agent/scx_agent/lib/agent-config/src/schema/parser/query.rs
FN:49,SchemaQuerier::from_schema
FN:56,SchemaQuerier::query
FN:70,SchemaQueryBuilder<'a>::from_schema
FN:90,SchemaQueryBuilder<'a>::with_custom_attribute_kv
FN:98,SchemaQueryBuilder<'a>::run
FN:162,SchemaQueryBuilder<'a>::run_single
FN:239,<impl QueryableSchema for &T>::schema_type
FN:243,<impl QueryableSchema for &T>::description
FN:247,<impl QueryableSchema for &T>::title
FN:251,<impl QueryableSchema for &T>::get_attributes
FN:255,<impl QueryableSchema for &T>::get_attribute
FN:259,<impl QueryableSchema for &T>::has_flag_attribute
FN:265,<impl QueryableSchema for &SchemaObject>::schema_type
FN:307,<impl QueryableSchema for &SchemaObject>::description
FN:313,<impl QueryableSchema for &SchemaObject>::title
FN:319,<impl QueryableSchema for &SchemaObject>::get_attributes
FN:346,<impl QueryableSchema for &SchemaObject>::get_attribute
FN:355,<impl QueryableSchema for &SchemaObject>::has_flag_attribute
FN:375,SimpleSchema<'a>::into_inner
FN:381,<impl From for SimpleSchema<'a>>::from
FN:387,<impl QueryableSchema for SimpleSchema<'_>>::schema_type
FN:391,<impl QueryableSchema for SimpleSchema<'_>>::description
FN:395,<impl QueryableSchema for SimpleSchema<'_>>::title
FN:399,<impl QueryableSchema for SimpleSchema<'_>>::get_attributes
FN:403,<impl QueryableSchema for SimpleSchema<'_>>::get_attribute
FN:407,<impl QueryableSchema for SimpleSchema<'_>>::has_flag_attribute
FN:412,schema_to_simple_schema
FNF:27
FNDA:0,SchemaQuerier::from_schema
FNDA:0,SchemaQuerier::query
FNDA:0,SchemaQueryBuilder<'a>::from_schema
FNDA:0,SchemaQueryBuilder<'a>::with_custom_attribute_kv
FNDA:0,SchemaQueryBuilder<'a>::run
FNDA:0,SchemaQueryBuilder<'a>::run_single
FNDA:0,<impl QueryableSchema for &T>::schema_type
FNDA:0,<impl QueryableSchema for &T>::description
FNDA:0,<impl QueryableSchema for &T>::title
FNDA:0,<impl QueryableSchema for &T>::get_attributes
FNDA:0,<impl QueryableSchema for &T>::get_attribute
FNDA:0,<impl QueryableSchema for &T>::has_flag_attribute
FNDA:0,<impl QueryableSchema for &SchemaObject>::schema_type
FNDA:0,<impl QueryableSchema for &SchemaObject>::description
FNDA:0,<impl QueryableSchema for &SchemaObject>::title
FNDA:0,<impl QueryableSchema for &SchemaObject>::get_attributes
FNDA:0,<impl QueryableSchema for &SchemaObject>::get_attribute
FNDA:0,<impl QueryableSchema for &SchemaObject>::has_flag_attribute
FNDA:0,SimpleSchema<'a>::into_inner
FNDA:0,<impl From for SimpleSchema<'a>>::from
FNDA:0,<impl QueryableSchema for SimpleSchema<'_>>::schema_type
FNDA:0,<impl QueryableSchema for SimpleSchema<'_>>::description
FNDA:0,<impl QueryableSchema for SimpleSchema<'_>>::title
FNDA:0,<impl QueryableSchema for SimpleSchema<'_>>::get_attributes
FNDA:0,<impl QueryableSchema for SimpleSchema<'_>>::get_attribute
FNDA:0,<impl QueryableSchema for SimpleSchema<'_>>::has_flag_attribute
FNDA:0,schema_to_simple_schema
DA:49,0
DA:50,0
DA:51,0
DA:53,0
DA:56,0
DA:57,0
DA:70,0
DA:73,0
DA:90,0
DA:91,0
DA:92,0
DA:94,0
DA:98,0
DA:99,0
DA:102,0
DA:103,0
DA:105,0
DA:106,0
DA:109,0
DA:110,0
DA:111,0
DA:112,0
DA:115,0
DA:116,0
DA:117,0
DA:118,0
DA:119,0
DA:120,0
DA:121,0
DA:122,0
DA:123,0
DA:124,0
DA:125,0
DA:127,0
DA:128,0
DA:132,0
DA:133,0
DA:134,0
DA:137,0
DA:142,0
DA:143,0
DA:148,0
DA:153,0
DA:162,0
DA:163,0
DA:164,0
DA:165,0
DA:166,0
DA:167,0
DA:239,0
DA:240,0
DA:243,0
DA:244,0
DA:247,0
DA:248,0
DA:251,0
DA:252,0
DA:255,0
DA:256,0
DA:259,0
DA:260,0
DA:265,0
DA:275,0
DA:278,0
DA:279,0
DA:280,0
DA:281,0
DA:282,0
DA:283,0
DA:285,0
DA:289,0
DA:290,0
DA:291,0
DA:292,0
DA:296,0
DA:297,0
DA:300,0
DA:301,0
DA:304,0
DA:307,0
DA:308,0
DA:310,0
DA:313,0
DA:314,0
DA:316,0
DA:319,0
DA:320,0
DA:321,0
DA:322,0
DA:323,0
DA:325,0
DA:326,0
DA:327,0
DA:328,0
DA:329,0
DA:331,0
DA:332,0
DA:333,0
DA:334,0
DA:335,0
DA:337,0
DA:340,0
DA:342,0
DA:346,0
DA:347,0
DA:348,0
DA:349,0
DA:350,0
DA:355,0
DA:356,0
DA:357,0
DA:358,0
DA:359,0
DA:360,0
DA:361,0
DA:363,0
DA:375,0
DA:376,0
DA:381,0
DA:387,0
DA:388,0
DA:391,0
DA:392,0
DA:395,0
DA:396,0
DA:399,0
DA:400,0
DA:403,0
DA:404,0
DA:407,0
DA:408,0
DA:412,0
DA:416,0
DA:417,0
DA:418,0
DA:419,0
DA:421,0
DA:424,0
LF:138
LH:0
end_of_record
TN:
SF:/data/home/paulning/agent/scx_agent/lib/agent-config/src/schema/visitors/human_name.rs
FN:31,GenerateHumanFriendlyNameVisitor::from_settings
FN:37,<impl Visitor for GenerateHumanFriendlyNameVisitor>::visit_schema_object
FN:80,has_schema_metadata_attr_str
FN:84,get_schema_metadata_attr_str
FN:92,set_schema_metadata_attr_str
FNF:5
FNDA:0,GenerateHumanFriendlyNameVisitor::from_settings
FNDA:0,<impl Visitor for GenerateHumanFriendlyNameVisitor>::visit_schema_object
FNDA:0,has_schema_metadata_attr_str
FNDA:0,get_schema_metadata_attr_str
FNDA:0,set_schema_metadata_attr_str
DA:31,0
DA:37,0
DA:43,0
DA:46,0
DA:53,0
DA:54,0
DA:55,0
DA:60,0
DA:61,0
DA:62,0
DA:63,0
DA:67,0
DA:80,0
DA:81,0
DA:84,0
DA:85,0
DA:86,0
DA:87,0
DA:88,0
DA:89,0
DA:92,0
DA:93,0
DA:95,0
DA:96,0
DA:98,0
DA:101,0
LF:26
LH:0
end_of_record
TN:
SF:/data/home/paulning/agent/scx_agent/lib/agent-config/src/schema/visitors/inline_single.rs
FN:31,InlineSingleUseReferencesVisitor::from_settings
FN:39,<impl Visitor for InlineSingleUseReferencesVisitor>::visit_root_schema
FN:87,<impl Visitor for InlineSingleUseReferencesVisitor>::visit_schema_object
FN:119,is_inlineable_schema
FN:148,<impl Visitor for OccurrenceVisitor>::visit_schema_object
FN:166,<impl ScopedVisitor for OccurrenceVisitor>::push_schema_scope
FN:170,<impl ScopedVisitor for OccurrenceVisitor>::pop_schema_scope
FN:174,<impl ScopedVisitor for OccurrenceVisitor>::get_current_schema_scope
FN:179,get_schema_metadata_attr
FNF:9
FNDA:0,InlineSingleUseReferencesVisitor::from_settings
FNDA:0,<impl Visitor for InlineSingleUseReferencesVisitor>::visit_root_schema
FNDA:0,<impl Visitor for InlineSingleUseReferencesVisitor>::visit_schema_object
FNDA:0,is_inlineable_schema
FNDA:0,<impl Visitor for OccurrenceVisitor>::visit_schema_object
FNDA:0,<impl ScopedVisitor for OccurrenceVisitor>::push_schema_scope
FNDA:0,<impl ScopedVisitor for OccurrenceVisitor>::pop_schema_scope
FNDA:0,<impl ScopedVisitor for OccurrenceVisitor>::get_current_schema_scope
FNDA:0,get_schema_metadata_attr
DA:31,0
DA:33,0
DA:39,0
DA:42,0
DA:43,0
DA:44,0
DA:46,0
DA:50,0
DA:57,0
DA:58,0
DA:60,0
DA:64,0
DA:66,0
DA:67,0
DA:72,0
DA:75,0
DA:76,0
DA:81,0
DA:87,0
DA:93,0
DA:98,0
DA:99,0
DA:100,0
DA:101,0
DA:105,0
DA:106,0
DA:111,0
DA:112,0
DA:119,0
DA:133,0
DA:134,0
DA:136,0
DA:138,0
DA:148,0
DA:153,0
DA:155,0
DA:156,0
DA:157,0
DA:159,0
DA:166,0
DA:167,0
DA:170,0
DA:171,0
DA:174,0
DA:175,0
DA:179,0
DA:180,0
DA:181,0
DA:183,0
LF:49
LH:0
end_of_record
TN:
SF:/data/home/paulning/agent/scx_agent/lib/agent-config/src/schema/visitors/merge.rs
FN:14,<impl Mergeable for SchemaObject>::merge
FN:44,<impl Mergeable for Value>::merge
FN:72,<impl Mergeable for Schema>::merge
FN:84,<impl Mergeable for serde_json::Map<String,Value>>::merge
FN:101,<impl Mergeable for Map<K,V>>::merge
FN:113,merge_schema_metadata
FN:126,merge_schema_instance_type
FN:138,merge_schema_format
FN:142,merge_schema_enum_values
FN:146,merge_schema_const_value
FN:150,merge_schema_subschemas
FN:165,merge_schema_number_validation
FN:184,merge_schema_string_validation
FN:195,merge_schema_array_validation
FN:216,merge_schema_object_validation
FN:238,merge_schema_extensions
FN:242,merge_bool
FN:249,merge_collection
FN:258,merge_map
FN:266,merge_optional
FN:270,merge_optional_with
FNF:21
FNDA:0,<impl Mergeable for SchemaObject>::merge
FNDA:0,<impl Mergeable for Value>::merge
FNDA:0,<impl Mergeable for Schema>::merge
FNDA:0,<impl Mergeable for serde_json::Map<String,Value>>::merge
FNDA:0,<impl Mergeable for Map<K,V>>::merge
FNDA:0,merge_schema_metadata
FNDA:0,merge_schema_instance_type
FNDA:0,merge_schema_format
FNDA:0,merge_schema_enum_values
FNDA:0,merge_schema_const_value
FNDA:0,merge_schema_subschemas
FNDA:0,merge_schema_number_validation
FNDA:0,merge_schema_string_validation
FNDA:0,merge_schema_array_validation
FNDA:0,merge_schema_object_validation
FNDA:0,merge_schema_extensions
FNDA:0,merge_bool
FNDA:0,merge_collection
FNDA:0,merge_map
FNDA:0,merge_optional
FNDA:0,merge_optional_with
DA:14,0
DA:28,0
DA:29,0
DA:30,0
DA:31,0
DA:32,0
DA:33,0
DA:34,0
DA:35,0
DA:36,0
DA:37,0
DA:38,0
DA:39,0
DA:44,0
DA:52,0
DA:53,0
DA:56,0
DA:58,0
DA:59,0
DA:62,0
DA:63,0
DA:72,0
DA:73,0
DA:76,0
DA:77,0
DA:84,0
DA:85,0
DA:86,0
DA:88,0
DA:90,0
DA:101,0
DA:102,0
DA:103,0
DA:104,0
DA:105,0
DA:107,0
DA:113,0
DA:114,0
DA:115,0
DA:116,0
DA:117,0
DA:118,0
DA:119,0
DA:120,0
DA:121,0
DA:122,0
DA:126,0
DA:130,0
DA:131,0
DA:132,0
DA:134,0
DA:138,0
DA:139,0
DA:142,0
DA:143,0
DA:146,0
DA:147,0
DA:150,0
DA:154,0
DA:155,0
DA:156,0
DA:157,0
DA:158,0
DA:159,0
DA:160,0
DA:161,0
DA:165,0
DA:169,0
DA:170,0
DA:171,0
DA:172,0
DA:173,0
DA:174,0
DA:176,0
DA:177,0
DA:178,0
DA:179,0
DA:184,0
DA:188,0
DA:189,0
DA:190,0
DA:191,0
DA:195,0
DA:199,0
DA:200,0
DA:201,0
DA:202,0
DA:203,0
DA:205,0
DA:206,0
DA:207,0
DA:209,0
DA:210,0
DA:211,0
DA:212,0
DA:216,0
DA:220,0
DA:221,0
DA:222,0
DA:223,0
DA:224,0
DA:225,0
DA:226,0
DA:227,0
DA:228,0
DA:230,0
DA:231,0
DA:232,0
DA:234,0
DA:238,0
DA:239,0
DA:242,0
DA:244,0
DA:245,0
DA:249,0
DA:255,0
DA:258,0
DA:263,0
DA:266,0
DA:267,0
DA:270,0
DA:275,0
DA:278,0
DA:281,0
DA:282,0
DA:283,0
LF:126
LH:0
end_of_record
TN:
SF:/data/home/paulning/agent/scx_agent/lib/agent-config/src/schema/visitors/scoped_visit.rs
FN:16,<impl Display for SchemaReference>::fmt
FN:28,<impl From for SchemaReference>::from
FN:34,<impl AsRef for SchemaReference>::as_ref
FN:54,SchemaScopeStack::push
FN:58,SchemaScopeStack::pop
FN:62,SchemaScopeStack::current
FN:75,visit_schema_object_scoped
FN:122,visit_box_scoped
FN:134,visit_vec_scoped
FN:148,visit_map_values_scoped
FN:160,visit_single_or_vec_scoped
FNF:11
FNDA:0,<impl Display for SchemaReference>::fmt
FNDA:0,<impl From for SchemaReference>::from
FNDA:0,<impl AsRef for SchemaReference>::as_ref
FNDA:0,SchemaScopeStack::push
FNDA:0,SchemaScopeStack::pop
FNDA:0,SchemaScopeStack::current
FNDA:0,visit_schema_object_scoped
FNDA:0,visit_box_scoped
FNDA:0,visit_vec_scoped
FNDA:0,visit_map_values_scoped
FNDA:0,visit_single_or_vec_scoped
DA:16,0
DA:17,0
DA:18,0
DA:19,0
DA:28,0
DA:29,0
DA:34,0
DA:35,0
DA:36,0
DA:37,0
DA:54,0
DA:55,0
DA:58,0
DA:59,0
DA:62,0
DA:63,0
DA:75,0
DA:80,0
DA:81,0
DA:82,0
DA:83,0
DA:87,0
DA:88,0
DA:90,0
DA:92,0
DA:95,0
DA:98,0
DA:99,0
DA:100,0
DA:101,0
DA:102,0
DA:103,0
DA:104,0
DA:105,0
DA:108,0
DA:109,0
DA:110,0
DA:111,0
DA:114,0
DA:115,0
DA:116,0
DA:117,0
DA:118,0
DA:122,0
DA:127,0
DA:128,0
DA:129,0
DA:134,0
DA:139,0
DA:140,0
DA:141,0
DA:142,0
DA:148,0
DA:153,0
DA:154,0
DA:155,0
DA:160,0
DA:165,0
DA:166,0
DA:167,0
DA:168,0
DA:169,0
DA:172,0
DA:173,0
DA:174,0
DA:175,0
LF:66
LH:0
end_of_record
TN:
SF:/data/home/paulning/agent/scx_agent/lib/agent-config/src/schema/visitors/unevaluated.rs
FN:33,DisallowUnevaluatedPropertiesVisitor::from_settings
FN:42,<impl Visitor for DisallowUnevaluatedPropertiesVisitor>::visit_root_schema
FN:56,<impl Visitor for DisallowUnevaluatedPropertiesVisitor>::visit_schema_object
FN:133,<impl ScopedVisitor for DisallowUnevaluatedPropertiesVisitor>::push_schema_scope
FN:137,<impl ScopedVisitor for DisallowUnevaluatedPropertiesVisitor>::pop_schema_scope
FN:141,<impl ScopedVisitor for DisallowUnevaluatedPropertiesVisitor>::get_current_schema_scope
FN:146,unmark_or_flatten_schema
FN:185,MarkableReferent::would_unmark
FN:192,MarkableReferent::would_not_unmark
FN:199,MarkableReferent::with_new_referent
FN:207,build_closed_schema_flatten_eligibility_mappings
FN:323,is_markable_schema
FN:408,get_referents
FN:452,get_object_subschemas_from_parent
FN:466,get_object_subschemas_from_parent_mut
FN:480,mark_schema_closed
FN:515,schema_type_matches
FN:529,is_object_schema
FNF:18
FNDA:0,DisallowUnevaluatedPropertiesVisitor::from_settings
FNDA:0,<impl Visitor for DisallowUnevaluatedPropertiesVisitor>::visit_root_schema
FNDA:0,<impl Visitor for DisallowUnevaluatedPropertiesVisitor>::visit_schema_object
FNDA:0,<impl ScopedVisitor for DisallowUnevaluatedPropertiesVisitor>::push_schema_scope
FNDA:0,<impl ScopedVisitor for DisallowUnevaluatedPropertiesVisitor>::pop_schema_scope
FNDA:0,<impl ScopedVisitor for DisallowUnevaluatedPropertiesVisitor>::get_current_schema_scope
FNDA:0,unmark_or_flatten_schema
FNDA:0,MarkableReferent::would_unmark
FNDA:0,MarkableReferent::would_not_unmark
FNDA:0,MarkableReferent::with_new_referent
FNDA:0,build_closed_schema_flatten_eligibility_mappings
FNDA:0,is_markable_schema
FNDA:0,get_referents
FNDA:0,get_object_subschemas_from_parent
FNDA:0,get_object_subschemas_from_parent_mut
FNDA:0,mark_schema_closed
FNDA:0,schema_type_matches
FNDA:0,is_object_schema
DA:33,0
DA:35,0
DA:36,0
DA:42,0
DA:43,0
DA:45,0
DA:51,0
DA:53,0
DA:56,0
DA:72,0
DA:73,0
DA:75,0
DA:76,0
DA:77,0
DA:78,0
DA:82,0
DA:88,0
DA:89,0
DA:95,0
DA:96,0
DA:104,0
DA:114,0
DA:115,0
DA:116,0
DA:117,0
DA:118,0
DA:120,0
DA:126,0
DA:127,0
DA:133,0
DA:134,0
DA:137,0
DA:138,0
DA:141,0
DA:142,0
DA:146,0
DA:154,0
DA:155,0
DA:157,0
DA:159,0
DA:160,0
DA:161,0
DA:162,0
DA:167,0
DA:185,0
DA:188,0
DA:192,0
DA:195,0
DA:199,0
DA:201,0
DA:202,0
DA:207,0
DA:229,0
DA:230,0
DA:232,0
DA:234,0
DA:237,0
DA:245,0
DA:246,0
DA:249,0
DA:258,0
DA:259,0
DA:261,0
DA:269,0
DA:273,0
DA:274,0
DA:275,0
DA:280,0
DA:281,0
DA:282,0
DA:283,0
DA:284,0
DA:290,0
DA:294,0
DA:295,0
DA:297,0
DA:301,0
DA:303,0
DA:304,0
DA:306,0
DA:308,0
DA:309,0
DA:312,0
DA:313,0
DA:315,0
DA:319,0
DA:323,0
DA:327,0
DA:330,0
DA:331,0
DA:334,0
DA:335,0
DA:345,0
DA:346,0
DA:348,0
DA:350,0
DA:352,0
DA:353,0
DA:354,0
DA:357,0
DA:358,0
DA:359,0
DA:361,0
DA:362,0
DA:363,0
DA:367,0
DA:371,0
DA:385,0
DA:386,0
DA:390,0
DA:408,0
DA:409,0
DA:412,0
DA:415,0
DA:417,0
DA:418,0
DA:419,0
DA:421,0
DA:428,0
DA:429,0
DA:430,0
DA:431,0
DA:433,0
DA:439,0
DA:442,0
DA:443,0
DA:444,0
DA:446,0
DA:452,0
DA:456,0
DA:457,0
DA:458,0
DA:466,0
DA:470,0
DA:471,0
DA:472,0
DA:480,0
DA:491,0
DA:495,0
DA:503,0
DA:506,0
DA:512,0
DA:515,0
DA:520,0
DA:521,0
DA:522,0
DA:523,0
DA:525,0
DA:529,0
DA:530,0
LF:150
LH:0
end_of_record
TN:
SF:/data/home/paulning/agent/scx_agent/lib/agent-config/src/ser.rs
FN:45,<impl Serialize for Delegated<I,serde_with::As<H>>>::serialize
FN:57,<impl From for Delegated<I,serde_with::As<H>>>::from
FN:70,<impl Configurable for Delegated<I,H>>::referenceable_name
FN:75,<impl Configurable for Delegated<I,H>>::metadata
FN:84,<impl Configurable for Delegated<I,H>>::validate_metadata
FN:94,<impl Configurable for Delegated<I,H>>::generate_schema
FN:105,<impl ToValue for Delegated<I,H>>::to_value
FNF:7
FNDA:0,<impl Serialize for Delegated<I,serde_with::As<H>>>::serialize
FNDA:0,<impl From for Delegated<I,serde_with::As<H>>>::from
FNDA:0,<impl Configurable for Delegated<I,H>>::referenceable_name
FNDA:0,<impl Configurable for Delegated<I,H>>::metadata
FNDA:0,<impl Configurable for Delegated<I,H>>::validate_metadata
FNDA:0,<impl Configurable for Delegated<I,H>>::generate_schema
FNDA:0,<impl ToValue for Delegated<I,H>>::to_value
DA:45,0
DA:49,0
DA:57,0
DA:70,0
DA:72,0
DA:75,0
DA:81,0
DA:84,0
DA:90,0
DA:91,0
DA:94,0
DA:96,0
DA:105,0
DA:106,0
LF:14
LH:0
end_of_record
TN:
SF:/data/home/paulning/agent/scx_agent/lib/agent-config/src/stdlib.rs
FN:32,<impl Configurable for ()>::generate_schema
FN:39,<impl ToValue for ()>::to_value
FN:49,<impl Configurable for Option<T>>::referenceable_name
FN:56,<impl Configurable for Option<T>>::is_optional
FN:60,<impl Configurable for Option<T>>::metadata
FN:64,<impl Configurable for Option<T>>::validate_metadata
FN:70,<impl Configurable for Option<T>>::generate_schema
FN:76,<impl ToValue for Option<T>>::to_value
FN:85,<impl Configurable for bool>::metadata
FN:89,<impl Configurable for bool>::generate_schema
FN:95,<impl ToValue for bool>::to_value
FN:102,<impl Configurable for String>::metadata
FN:106,<impl Configurable for String>::generate_schema
FN:112,<impl ToValue for String>::to_value
FN:118,<impl Configurable for KeyString>::metadata
FN:122,<impl Configurable for KeyString>::generate_schema
FN:128,<impl ToValue for KeyString>::to_value
FN:134,<impl Configurable for char>::metadata
FN:143,<impl Configurable for char>::generate_schema
FN:149,<impl ToValue for char>::to_value
FN:216,<impl Configurable for Vec<T>>::metadata
FN:220,<impl Configurable for Vec<T>>::validate_metadata
FN:225,<impl Configurable for Vec<T>>::generate_schema
FN:231,<impl ToValue for Vec<T>>::to_value
FN:241,<impl Configurable for BTreeMap<K,V>>::is_optional
FN:247,<impl Configurable for BTreeMap<K,V>>::metadata
FN:251,<impl Configurable for BTreeMap<K,V>>::validate_metadata
FN:256,<impl Configurable for BTreeMap<K,V>>::generate_schema
FN:273,<impl ToValue for BTreeMap<K,V>>::to_value
FN:286,<impl Configurable for BTreeSet<V>>::metadata
FN:290,<impl Configurable for BTreeSet<V>>::validate_metadata
FN:295,<impl Configurable for BTreeSet<V>>::generate_schema
FN:301,<impl ToValue for BTreeSet<V>>::to_value
FN:311,<impl Configurable for HashMap<K,V>>::is_optional
FN:317,<impl Configurable for HashMap<K,V>>::metadata
FN:321,<impl Configurable for HashMap<K,V>>::validate_metadata
FN:326,<impl Configurable for HashMap<K,V>>::generate_schema
FN:343,<impl ToValue for HashMap<K,V>>::to_value
FN:356,<impl Configurable for HashSet<V>>::metadata
FN:360,<impl Configurable for HashSet<V>>::validate_metadata
FN:365,<impl Configurable for HashSet<V>>::generate_schema
FN:374,<impl ToValue for HashSet<V>>::to_value
FN:382,<impl Configurable for SocketAddr>::referenceable_name
FN:385,<impl Configurable for SocketAddr>::metadata
FN:391,<impl Configurable for SocketAddr>::generate_schema
FN:400,<impl ToValue for SocketAddr>::to_value
FN:407,<impl Configurable for Ipv4Addr>::referenceable_name
FN:410,<impl Configurable for Ipv4Addr>::metadata
FN:416,<impl Configurable for Ipv4Addr>::generate_schema
FN:425,<impl ToValue for Ipv4Addr>::to_value
FN:432,<impl Configurable for PathBuf>::referenceable_name
FN:435,<impl Configurable for PathBuf>::metadata
FN:449,<impl Configurable for PathBuf>::generate_schema
FN:455,<impl ToValue for PathBuf>::to_value
FN:463,<impl Configurable for Duration>::referenceable_name
FN:466,<impl Configurable for Duration>::metadata
FN:472,<impl Configurable for Duration>::generate_schema
FN:488,<impl ToValue for Duration>::to_value
FNF:58
FNDA:0,<impl Configurable for ()>::generate_schema
FNDA:0,<impl ToValue for ()>::to_value
FNDA:0,<impl Configurable for Option<T>>::referenceable_name
FNDA:0,<impl Configurable for Option<T>>::is_optional
FNDA:0,<impl Configurable for Option<T>>::metadata
FNDA:0,<impl Configurable for Option<T>>::validate_metadata
FNDA:0,<impl Configurable for Option<T>>::generate_schema
FNDA:0,<impl ToValue for Option<T>>::to_value
FNDA:0,<impl Configurable for bool>::metadata
FNDA:0,<impl Configurable for bool>::generate_schema
FNDA:0,<impl ToValue for bool>::to_value
FNDA:0,<impl Configurable for String>::metadata
FNDA:0,<impl Configurable for String>::generate_schema
FNDA:0,<impl ToValue for String>::to_value
FNDA:0,<impl Configurable for KeyString>::metadata
FNDA:0,<impl Configurable for KeyString>::generate_schema
FNDA:0,<impl ToValue for KeyString>::to_value
FNDA:0,<impl Configurable for char>::metadata
FNDA:0,<impl Configurable for char>::generate_schema
FNDA:0,<impl ToValue for char>::to_value
FNDA:0,<impl Configurable for Vec<T>>::metadata
FNDA:0,<impl Configurable for Vec<T>>::validate_metadata
FNDA:0,<impl Configurable for Vec<T>>::generate_schema
FNDA:0,<impl ToValue for Vec<T>>::to_value
FNDA:0,<impl Configurable for BTreeMap<K,V>>::is_optional
FNDA:0,<impl Configurable for BTreeMap<K,V>>::metadata
FNDA:0,<impl Configurable for BTreeMap<K,V>>::validate_metadata
FNDA:0,<impl Configurable for BTreeMap<K,V>>::generate_schema
FNDA:0,<impl ToValue for BTreeMap<K,V>>::to_value
FNDA:0,<impl Configurable for BTreeSet<V>>::metadata
FNDA:0,<impl Configurable for BTreeSet<V>>::validate_metadata
FNDA:0,<impl Configurable for BTreeSet<V>>::generate_schema
FNDA:0,<impl ToValue for BTreeSet<V>>::to_value
FNDA:0,<impl Configurable for HashMap<K,V>>::is_optional
FNDA:0,<impl Configurable for HashMap<K,V>>::metadata
FNDA:0,<impl Configurable for HashMap<K,V>>::validate_metadata
FNDA:0,<impl Configurable for HashMap<K,V>>::generate_schema
FNDA:0,<impl ToValue for HashMap<K,V>>::to_value
FNDA:0,<impl Configurable for HashSet<V>>::metadata
FNDA:0,<impl Configurable for HashSet<V>>::validate_metadata
FNDA:0,<impl Configurable for HashSet<V>>::generate_schema
FNDA:0,<impl ToValue for HashSet<V>>::to_value
FNDA:0,<impl Configurable for SocketAddr>::referenceable_name
FNDA:0,<impl Configurable for SocketAddr>::metadata
FNDA:0,<impl Configurable for SocketAddr>::generate_schema
FNDA:0,<impl ToValue for SocketAddr>::to_value
FNDA:0,<impl Configurable for Ipv4Addr>::referenceable_name
FNDA:0,<impl Configurable for Ipv4Addr>::metadata
FNDA:0,<impl Configurable for Ipv4Addr>::generate_schema
FNDA:0,<impl ToValue for Ipv4Addr>::to_value
FNDA:0,<impl Configurable for PathBuf>::referenceable_name
FNDA:0,<impl Configurable for PathBuf>::metadata
FNDA:0,<impl Configurable for PathBuf>::generate_schema
FNDA:0,<impl ToValue for PathBuf>::to_value
FNDA:0,<impl Configurable for Duration>::referenceable_name
FNDA:0,<impl Configurable for Duration>::metadata
FNDA:0,<impl Configurable for Duration>::generate_schema
FNDA:0,<impl ToValue for Duration>::to_value
DA:32,0
DA:34,0
DA:39,0
DA:40,0
DA:49,0
DA:50,0
DA:51,0
DA:52,0
DA:56,0
DA:57,0
DA:60,0
DA:61,0
DA:64,0
DA:66,0
DA:67,0
DA:70,0
DA:71,0
DA:76,0
DA:77,0
DA:78,0
DA:79,0
DA:85,0
DA:86,0
DA:89,0
DA:90,0
DA:95,0
DA:96,0
DA:102,0
DA:103,0
DA:106,0
DA:107,0
DA:112,0
DA:113,0
DA:118,0
DA:119,0
DA:122,0
DA:123,0
DA:128,0
DA:129,0
DA:134,0
DA:135,0
DA:136,0
DA:137,0
DA:138,0
DA:140,0
DA:143,0
DA:144,0
DA:149,0
DA:150,0
DA:158,0
DA:159,0
DA:160,0
DA:161,0
DA:166,0
DA:169,0
DA:170,0
DA:173,0
DA:176,0
DA:181,0
DA:183,0
DA:199,0
DA:200,0
DA:201,0
DA:202,0
DA:203,0
DA:204,0
DA:205,0
DA:206,0
DA:207,0
DA:208,0
DA:209,0
DA:216,0
DA:217,0
DA:220,0
DA:221,0
DA:222,0
DA:225,0
DA:226,0
DA:231,0
DA:232,0
DA:241,0
DA:244,0
DA:247,0
DA:248,0
DA:251,0
DA:252,0
DA:253,0
DA:256,0
DA:259,0
DA:260,0
DA:261,0
DA:264,0
DA:273,0
DA:275,0
DA:276,0
DA:277,0
DA:286,0
DA:287,0
DA:290,0
DA:291,0
DA:292,0
DA:295,0
DA:296,0
DA:301,0
DA:302,0
DA:311,0
DA:314,0
DA:317,0
DA:318,0
DA:321,0
DA:322,0
DA:323,0
DA:326,0
DA:329,0
DA:330,0
DA:331,0
DA:334,0
DA:343,0
DA:345,0
DA:346,0
DA:347,0
DA:356,0
DA:357,0
DA:360,0
DA:361,0
DA:362,0
DA:365,0
DA:366,0
DA:374,0
DA:375,0
DA:382,0
DA:385,0
DA:386,0
DA:387,0
DA:388,0
DA:391,0
DA:395,0
DA:400,0
DA:401,0
DA:407,0
DA:410,0
DA:411,0
DA:412,0
DA:413,0
DA:416,0
DA:420,0
DA:425,0
DA:426,0
DA:432,0
DA:435,0
DA:436,0
DA:437,0
DA:444,0
DA:446,0
DA:449,0
DA:450,0
DA:455,0
DA:456,0
DA:463,0
DA:466,0
DA:467,0
DA:468,0
DA:469,0
DA:472,0
DA:473,0
DA:474,0
DA:475,0
DA:477,0
DA:478,0
DA:479,0
DA:481,0
DA:482,0
DA:488,0
DA:489,0
LF:174
LH:0
end_of_record
TN:
SF:/data/home/paulning/agent/scx_agent/lib/agent-config-common/src/attributes.rs
FN:33,CustomAttribute::flag
FN:40,CustomAttribute::kv
FN:51,CustomAttribute::is_flag
FN:55,CustomAttribute::is_kv
FNF:4
FNDA:0,CustomAttribute::flag
FNDA:0,CustomAttribute::kv
FNDA:0,CustomAttribute::is_flag
FNDA:0,CustomAttribute::is_kv
DA:33,0
DA:37,0
DA:40,0
DA:46,0
DA:47,0
DA:51,0
DA:52,0
DA:55,0
DA:56,0
LF:9
LH:0
end_of_record
TN:
SF:/data/home/paulning/agent/scx_agent/lib/agent-config-common/src/constants.rs
FN:50,ComponentType::as_str
FN:63,ComponentType::is_valid_type
FN:89,<impl TryFrom for ComponentType>::try_from
FN:98,<impl From for Value>::from
FNF:4
FNDA:0,ComponentType::as_str
FNDA:0,ComponentType::is_valid_type
FNDA:0,<impl TryFrom for ComponentType>::try_from
FNDA:0,<impl From for Value>::from
DA:50,0
DA:51,0
DA:52,0
DA:53,0
DA:54,0
DA:55,0
DA:56,0
DA:57,0
DA:58,0
DA:59,0
DA:63,0
DA:64,0
DA:71,0
DA:72,0
DA:73,0
DA:74,0
DA:75,0
DA:76,0
DA:77,0
DA:78,0
DA:79,0
DA:80,0
DA:81,0
DA:89,0
DA:90,0
DA:91,0
DA:92,0
DA:93,0
DA:98,0
DA:99,0
LF:30
LH:0
end_of_record
TN:
SF:/data/home/paulning/agent/scx_agent/lib/agent-config-common/src/human_friendly.rs
FN:64,generate_human_friendly_string
FN:80,replace_well_known_segments
FNF:2
FNDA:0,generate_human_friendly_string
FNDA:0,replace_well_known_segments
DA:11,0
DA:12,0
DA:13,0
DA:14,0
DA:15,0
DA:16,0
DA:17,0
DA:18,0
DA:19,0
DA:20,0
DA:21,0
DA:22,0
DA:23,0
DA:24,0
DA:25,0
DA:26,0
DA:27,0
DA:28,0
DA:29,0
DA:30,0
DA:31,0
DA:32,0
DA:35,0
DA:43,0
DA:44,0
DA:51,0
DA:64,0
DA:68,0
DA:69,0
DA:71,0
DA:73,0
DA:77,0
DA:80,0
DA:81,0
DA:82,0
DA:83,0
DA:84,0
DA:85,0
DA:87,0
LF:39
LH:0
end_of_record
TN:
SF:/data/home/paulning/agent/scx_agent/lib/agent-config-common/src/schema/gen.rs
FN:17,<impl Default for SchemaSettings>::default
FN:26,SchemaSettings::new
FN:35,SchemaSettings::definitions_path
FN:42,SchemaSettings::with_visitor
FN:53,SchemaSettings::into_generator
FN:69,<impl From for SchemaGenerator>::from
FN:76,SchemaGenerator::new
FN:84,SchemaGenerator::settings
FN:94,SchemaGenerator::definitions
FN:104,SchemaGenerator::definitions_mut
FN:113,SchemaGenerator::dereference
FN:138,SchemaGenerator::into_root_schema
FNF:12
FNDA:0,<impl Default for SchemaSettings>::default
FNDA:0,SchemaSettings::new
FNDA:0,SchemaSettings::definitions_path
FNDA:0,SchemaSettings::with_visitor
FNDA:0,SchemaSettings::into_generator
FNDA:0,<impl From for SchemaGenerator>::from
FNDA:0,SchemaGenerator::new
FNDA:0,SchemaGenerator::settings
FNDA:0,SchemaGenerator::definitions
FNDA:0,SchemaGenerator::definitions_mut
FNDA:0,SchemaGenerator::dereference
FNDA:0,SchemaGenerator::into_root_schema
DA:17,0
DA:18,0
DA:26,0
DA:28,0
DA:29,0
DA:30,0
DA:35,0
DA:36,0
DA:42,0
DA:47,0
DA:48,0
DA:49,0
DA:53,0
DA:54,0
DA:69,0
DA:70,0
DA:76,0
DA:84,0
DA:94,0
DA:95,0
DA:104,0
DA:105,0
DA:113,0
DA:114,0
DA:115,0
DA:116,0
DA:117,0
DA:118,0
DA:119,0
DA:120,0
DA:121,0
DA:122,0
DA:124,0
DA:127,0
DA:138,0
DA:140,0
DA:142,0
DA:145,0
DA:146,0
DA:149,0
LF:40
LH:0
end_of_record
TN:
SF:/data/home/paulning/agent/scx_agent/lib/agent-config-common/src/schema/json_schema.rs
FN:27,Schema::new_ref
FN:36,Schema::is_ref
FN:46,Schema::as_object
FN:56,Schema::as_object_mut
FN:66,Schema::into_object
FN:88,<impl From for Schema>::from
FN:192,allow_null
FN:200,skip_if_default
FN:231,SchemaObject::new_ref
FN:242,SchemaObject::is_ref
FN:251,SchemaObject::has_type
FN:264,<impl From for SchemaObject>::from
FN:326,is_false
FN:561,<impl Extend for SingleOrVec<T>>::extend
FN:576,<impl IntoIterator for &'aSingleOrVec<T>>::into_iter
FN:591,<impl From for SingleOrVec<T>>::from
FN:598,SingleOrVec<T>::contains
FN:606,is_none_or_default_true
FN:613,get_cleaned_schema_reference
FNF:19
FNDA:0,Schema::new_ref
FNDA:0,Schema::is_ref
FNDA:0,Schema::as_object
FNDA:0,Schema::as_object_mut
FNDA:0,Schema::into_object
FNDA:0,<impl From for Schema>::from
FNDA:0,allow_null
FNDA:0,skip_if_default
FNDA:0,SchemaObject::new_ref
FNDA:0,SchemaObject::is_ref
FNDA:0,SchemaObject::has_type
FNDA:0,<impl From for SchemaObject>::from
FNDA:0,is_false
FNDA:0,<impl Extend for SingleOrVec<T>>::extend
FNDA:0,<impl IntoIterator for &'aSingleOrVec<T>>::into_iter
FNDA:0,<impl From for SingleOrVec<T>>::from
FNDA:0,SingleOrVec<T>::contains
FNDA:0,is_none_or_default_true
FNDA:0,get_cleaned_schema_reference
DA:27,0
DA:28,0
DA:36,0
DA:37,0
DA:38,0
DA:39,0
DA:46,0
DA:47,0
DA:48,0
DA:49,0
DA:56,0
DA:57,0
DA:58,0
DA:59,0
DA:66,0
DA:67,0
DA:68,0
DA:69,0
DA:71,0
DA:82,0
DA:83,0
DA:88,0
DA:89,0
DA:192,0
DA:200,0
DA:201,0
DA:220,0
DA:221,0
DA:231,0
DA:233,0
DA:242,0
DA:243,0
DA:251,0
DA:252,0
DA:264,0
DA:265,0
DA:326,0
DA:327,0
DA:561,0
DA:562,0
DA:563,0
DA:564,0
DA:566,0
DA:576,0
DA:577,0
DA:578,0
DA:579,0
DA:585,0
DA:586,0
DA:591,0
DA:592,0
DA:598,0
DA:599,0
DA:600,0
DA:601,0
DA:606,0
DA:607,0
DA:608,0
DA:609,0
DA:613,0
DA:614,0
DA:617,0
LF:62
LH:0
end_of_record
TN:
SF:/data/home/paulning/agent/scx_agent/lib/agent-config-common/src/schema/visit.rs
FN:10,Visitor::visit_root_schema
FN:17,Visitor::visit_schema
FN:29,Visitor::visit_schema_object
FN:34,visit_root_schema
FN:39,visit_schema
FN:50,visit_schema_object
FN:91,visit_box
FN:101,visit_vec
FN:113,visit_map_values
FN:123,visit_single_or_vec
FN:139,with_resolved_schema_reference
FNF:11
FNDA:0,Visitor::visit_root_schema
FNDA:0,Visitor::visit_schema
FNDA:0,Visitor::visit_schema_object
FNDA:0,visit_root_schema
FNDA:0,visit_schema
FNDA:0,visit_schema_object
FNDA:0,visit_box
FNDA:0,visit_vec
FNDA:0,visit_map_values
FNDA:0,visit_single_or_vec
FNDA:0,with_resolved_schema_reference
DA:10,0
DA:11,0
DA:17,0
DA:18,0
DA:29,0
DA:34,0
DA:35,0
DA:39,0
DA:44,0
DA:45,0
DA:50,0
DA:55,0
DA:57,0
DA:58,0
DA:59,0
DA:60,0
DA:62,0
DA:67,0
DA:68,0
DA:69,0
DA:70,0
DA:71,0
DA:72,0
DA:73,0
DA:74,0
DA:77,0
DA:78,0
DA:79,0
DA:80,0
DA:83,0
DA:84,0
DA:85,0
DA:86,0
DA:87,0
DA:91,0
DA:96,0
DA:97,0
DA:101,0
DA:106,0
DA:107,0
DA:108,0
DA:113,0
DA:118,0
DA:119,0
DA:123,0
DA:128,0
DA:129,0
DA:130,0
DA:131,0
DA:132,0
DA:133,0
DA:139,0
DA:146,0
DA:147,0
DA:148,0
DA:149,0
DA:153,0
DA:155,0
LF:58
LH:0
end_of_record
TN:
SF:/data/home/paulning/agent/scx_agent/lib/agent-config-common/src/validation.rs
FN:126,Format::as_str
FN:144,<impl ToTokens for Format>::to_tokens
FN:204,Validation::ensure_conformance
FN:261,Validation::apply
FN:298,<impl ToTokens for Validation>::to_tokens
FN:324,option_as_token
FN:331,contains_instance_type
FN:339,maybe_float_or_int
FNF:8
FNDA:0,Format::as_str
FNDA:0,<impl ToTokens for Format>::to_tokens
FNDA:0,Validation::ensure_conformance
FNDA:0,Validation::apply
FNDA:0,<impl ToTokens for Validation>::to_tokens
FNDA:0,option_as_token
FNDA:0,contains_instance_type
FNDA:0,maybe_float_or_int
DA:126,0
DA:127,0
DA:128,0
DA:129,0
DA:130,0
DA:131,0
DA:132,0
DA:133,0
DA:134,0
DA:135,0
DA:136,0
DA:137,0
DA:138,0
DA:144,0
DA:145,0
DA:146,0
DA:147,0
DA:148,0
DA:149,0
DA:150,0
DA:151,0
DA:152,0
DA:153,0
DA:154,0
DA:155,0
DA:156,0
DA:159,0
DA:204,0
DA:205,0
DA:221,0
DA:222,0
DA:224,0
DA:225,0
DA:226,0
DA:232,0
DA:233,0
DA:234,0
DA:240,0
DA:241,0
DA:247,0
DA:248,0
DA:249,0
DA:250,0
DA:258,0
DA:261,0
DA:262,0
DA:263,0
DA:264,0
DA:265,0
DA:266,0
DA:267,0
DA:270,0
DA:271,0
DA:272,0
DA:275,0
DA:276,0
DA:277,0
DA:280,0
DA:281,0
DA:282,0
DA:284,0
DA:285,0
DA:288,0
DA:289,0
DA:290,0
DA:298,0
DA:299,0
DA:300,0
DA:301,0
DA:303,0
DA:304,0
DA:305,0
DA:307,0
DA:309,0
DA:310,0
DA:311,0
DA:313,0
DA:315,0
DA:316,0
DA:320,0
DA:324,0
DA:325,0
DA:326,0
DA:327,0
DA:331,0
DA:332,0
DA:335,0
DA:339,0
DA:341,0
DA:342,0
DA:343,0
DA:344,0
DA:345,0
DA:346,0
DA:347,0
DA:348,0
DA:349,0
DA:351,0
DA:352,0
DA:353,0
DA:355,0
DA:360,0
DA:361,0
DA:362,0
DA:364,0
LF:105
LH:0
end_of_record
TN:
SF:/data/home/paulning/agent/scx_agent/lib/agent-config-macros/src/ast/container.rs
FN:44,Container<'a>::from_derive_input
FN:263,Container<'a>::ident
FN:268,Container<'a>::generics
FN:275,Container<'a>::data
FN:283,Container<'a>::name
FN:303,Container<'a>::title
FN:329,Container<'a>::description
FN:345,Container<'a>::virtual_newtype
FN:355,Container<'a>::tagging
FN:364,Container<'a>::default_value
FN:374,Container<'a>::deprecated
FN:383,Container<'a>::metadata
FN:399,Container<'a>::generic_field_types
FNF:13
FNDA:0,Container<'a>::from_derive_input
FNDA:0,Container<'a>::ident
FNDA:0,Container<'a>::generics
FNDA:0,Container<'a>::data
FNDA:0,Container<'a>::name
FNDA:0,Container<'a>::title
FNDA:0,Container<'a>::description
FNDA:0,Container<'a>::virtual_newtype
FNDA:0,Container<'a>::tagging
FNDA:0,Container<'a>::default_value
FNDA:0,Container<'a>::deprecated
FNDA:0,Container<'a>::metadata
FNDA:0,Container<'a>::generic_field_types
DA:44,0
DA:47,0
DA:48,0
DA:49,0
DA:52,0
DA:55,0
DA:57,0
DA:60,0
DA:77,0
DA:78,0
DA:79,0
DA:84,0
DA:91,0
DA:92,0
DA:93,0
DA:94,0
DA:95,0
DA:97,0
DA:99,0
DA:100,0
DA:101,0
DA:102,0
DA:104,0
DA:106,0
DA:107,0
DA:108,0
DA:110,0
DA:111,0
DA:112,0
DA:114,0
DA:119,0
DA:120,0
DA:121,0
DA:123,0
DA:126,0
DA:131,0
DA:132,0
DA:136,0
DA:137,0
DA:139,0
DA:140,0
DA:141,0
DA:142,0
DA:149,0
DA:150,0
DA:151,0
DA:153,0
DA:154,0
DA:155,0
DA:156,0
DA:157,0
DA:160,0
DA:165,0
DA:167,0
DA:168,0
DA:169,0
DA:178,0
DA:179,0
DA:180,0
DA:181,0
DA:187,0
DA:188,0
DA:189,0
DA:190,0
DA:191,0
DA:192,0
DA:193,0
DA:200,0
DA:202,0
DA:203,0
DA:204,0
DA:205,0
DA:206,0
DA:207,0
DA:208,0
DA:209,0
DA:210,0
DA:211,0
DA:212,0
DA:213,0
DA:214,0
DA:217,0
DA:219,0
DA:221,0
DA:225,0
DA:226,0
DA:227,0
DA:236,0
DA:237,0
DA:238,0
DA:241,0
DA:242,0
DA:243,0
DA:245,0
DA:246,0
DA:247,0
DA:248,0
DA:249,0
DA:250,0
DA:251,0
DA:252,0
DA:255,0
DA:263,0
DA:264,0
DA:268,0
DA:269,0
DA:275,0
DA:276,0
DA:283,0
DA:284,0
DA:303,0
DA:304,0
DA:329,0
DA:330,0
DA:345,0
DA:346,0
DA:355,0
DA:356,0
DA:364,0
DA:365,0
DA:374,0
DA:375,0
DA:383,0
DA:384,0
DA:385,0
DA:388,0
DA:399,0
DA:400,0
DA:402,0
DA:403,0
DA:405,0
DA:406,0
DA:409,0
DA:411,0
DA:412,0
DA:413,0
DA:418,0
DA:419,0
DA:420,0
DA:424,0
LF:140
LH:0
end_of_record
TN:
SF:/data/home/paulning/agent/scx_agent/lib/agent-config-macros/src/ast/field.rs
FN:34,Field<'a>::from_ast
FN:59,Field<'a>::ident
FN:67,Field<'a>::ty
FN:93,Field<'a>::delegated_ty
FN:104,Field<'a>::name
FN:124,Field<'a>::title
FN:150,Field<'a>::description
FN:159,Field<'a>::default_value
FN:177,Field<'a>::transparent
FN:187,Field<'a>::deprecated
FN:192,Field<'a>::deprecated_message
FN:206,Field<'a>::validation
FN:215,Field<'a>::visible
FN:225,Field<'a>::flatten
FN:234,Field<'a>::metadata
FNF:15
FNDA:0,Field<'a>::from_ast
FNDA:0,Field<'a>::ident
FNDA:0,Field<'a>::ty
FNDA:0,Field<'a>::delegated_ty
FNDA:0,Field<'a>::name
FNDA:0,Field<'a>::title
FNDA:0,Field<'a>::description
FNDA:0,Field<'a>::default_value
FNDA:0,Field<'a>::transparent
FNDA:0,Field<'a>::deprecated
FNDA:0,Field<'a>::deprecated_message
FNDA:0,Field<'a>::validation
FNDA:0,Field<'a>::visible
FNDA:0,Field<'a>::flatten
FNDA:0,Field<'a>::metadata
DA:34,0
DA:36,0
DA:37,0
DA:39,0
DA:40,0
DA:41,0
DA:42,0
DA:43,0
DA:44,0
DA:45,0
DA:48,0
DA:49,0
DA:50,0
DA:51,0
DA:52,0
DA:59,0
DA:60,0
DA:67,0
DA:68,0
DA:93,0
DA:94,0
DA:104,0
DA:105,0
DA:124,0
DA:125,0
DA:150,0
DA:151,0
DA:159,0
DA:160,0
DA:177,0
DA:178,0
DA:187,0
DA:188,0
DA:192,0
DA:193,0
DA:194,0
DA:196,0
DA:197,0
DA:198,0
DA:206,0
DA:207,0
DA:215,0
DA:216,0
DA:225,0
DA:226,0
DA:234,0
DA:235,0
DA:236,0
DA:239,0
LF:49
LH:0
end_of_record
TN:
SF:/data/home/paulning/agent/scx_agent/lib/agent-config-macros/src/ast/mod.rs
FNF:0
DA:160,0
DA:161,0
LF:2
LH:0
end_of_record
TN:
SF:/data/home/paulning/agent/scx_agent/lib/agent-config-macros/src/ast/util.rs
FNF:0
DA:148,0
DA:149,0
DA:152,0
DA:153,0
DA:160,0
DA:161,0
DA:162,0
DA:163,0
DA:164,0
DA:167,0
DA:169,0
DA:188,0
DA:189,0
DA:198,0
DA:199,0
LF:15
LH:0
end_of_record
TN:
SF:/data/home/paulning/agent/scx_agent/lib/agent-config-macros/src/ast/variant.rs
FN:28,Variant<'a>::from_ast
FN:55,Variant<'a>::ident
FN:64,Variant<'a>::style
FN:73,Variant<'a>::tagging
FN:78,Variant<'a>::fields
FN:86,Variant<'a>::name
FN:106,Variant<'a>::title
FN:132,Variant<'a>::description
FN:142,Variant<'a>::deprecated
FN:151,Variant<'a>::visible
FN:160,Variant<'a>::metadata
FNF:11
FNDA:0,Variant<'a>::from_ast
FNDA:0,Variant<'a>::ident
FNDA:0,Variant<'a>::style
FNDA:0,Variant<'a>::tagging
FNDA:0,Variant<'a>::fields
FNDA:0,Variant<'a>::name
FNDA:0,Variant<'a>::title
FNDA:0,Variant<'a>::description
FNDA:0,Variant<'a>::deprecated
FNDA:0,Variant<'a>::visible
FNDA:0,Variant<'a>::metadata
DA:28,0
DA:29,0
DA:30,0
DA:31,0
DA:33,0
DA:34,0
DA:36,0
DA:37,0
DA:38,0
DA:40,0
DA:41,0
DA:51,0
DA:55,0
DA:56,0
DA:64,0
DA:65,0
DA:73,0
DA:74,0
DA:78,0
DA:79,0
DA:86,0
DA:87,0
DA:106,0
DA:107,0
DA:132,0
DA:133,0
DA:142,0
DA:143,0
DA:151,0
DA:152,0
DA:160,0
DA:161,0
DA:162,0
DA:165,0
LF:34
LH:0
end_of_record
TN:
SF:/data/home/paulning/agent/scx_agent/lib/agent-config-macros/src/configurable.rs
FNF:0
DA:647,0
DA:648,0
DA:649,0
DA:650,0
DA:652,0
DA:653,0
DA:654,0
DA:659,0
DA:660,0
DA:664,0
DA:671,0
LF:11
LH:0
end_of_record
TN:
SF:/data/home/paulning/agent/scx_agent/lib/agent-core/src/buffer.rs
FN:73,<impl EventCount for Vec<T>>::event_count
FN:82,<impl EventCount for &T>::event_count
FN:167,Encodable::encoded_size
FNF:3
FNDA:0,<impl EventCount for Vec<T>>::event_count
FNDA:0,<impl EventCount for &T>::event_count
FNDA:0,Encodable::encoded_size
DA:73,0
DA:74,0
DA:82,0
DA:83,0
DA:167,0
DA:168,0
LF:6
LH:0
end_of_record
TN:
SF:/data/home/paulning/agent/scx_agent/lib/agent-core/src/config/log_schema.rs
FN:32,init_log_schema
FN:41,log_schema
FN:55,OptionalTargetPath::none
FN:59,OptionalTargetPath::event
FN:68,OptionalTargetPath::from
FN:74,OptionalTargetPath::as_ref
FN:82,<impl TryFrom for OptionalTargetPath>::try_from
FN:92,<impl From for String>::from
FN:101,<impl From for OptionalTargetPath>::from
FN:147,<impl Default for LogSchema>::default
FN:159,LogSchema::default_message_key
FN:163,LogSchema::default_timestamp_key
FN:167,LogSchema::default_host_key
FN:171,LogSchema::default_source_type_key
FN:175,LogSchema::default_metadata_key
FN:179,LogSchema::message_key
FN:192,LogSchema::owned_message_path
FN:200,LogSchema::timestamp_key
FN:204,LogSchema::host_key
FN:208,LogSchema::source_type_key
FN:212,LogSchema::metadata_key
FN:216,LogSchema::message_key_target_path
FN:220,LogSchema::timestamp_key_target_path
FN:224,LogSchema::host_key_target_path
FN:228,LogSchema::source_type_key_target_path
FN:232,LogSchema::metadata_key_target_path
FN:236,LogSchema::set_message_key
FN:240,LogSchema::set_timestamp_key
FN:244,LogSchema::set_host_key
FN:248,LogSchema::set_source_type_key
FN:252,LogSchema::set_metadata_key
FN:262,LogSchema::merge
FNF:32
FNDA:0,init_log_schema
FNDA:0,log_schema
FNDA:0,OptionalTargetPath::none
FNDA:1,OptionalTargetPath::event
FNDA:0,OptionalTargetPath::from
FNDA:0,OptionalTargetPath::as_ref
FNDA:0,<impl TryFrom for OptionalTargetPath>::try_from
FNDA:0,<impl From for String>::from
FNDA:0,<impl From for OptionalTargetPath>::from
FNDA:1,<impl Default for LogSchema>::default
FNDA:1,LogSchema::default_message_key
FNDA:3,LogSchema::default_timestamp_key
FNDA:1,LogSchema::default_host_key
FNDA:3,LogSchema::default_source_type_key
FNDA:1,LogSchema::default_metadata_key
FNDA:0,LogSchema::message_key
FNDA:0,LogSchema::owned_message_path
FNDA:0,LogSchema::timestamp_key
FNDA:0,LogSchema::host_key
FNDA:0,LogSchema::source_type_key
FNDA:0,LogSchema::metadata_key
FNDA:0,LogSchema::message_key_target_path
FNDA:0,LogSchema::timestamp_key_target_path
FNDA:0,LogSchema::host_key_target_path
FNDA:0,LogSchema::source_type_key_target_path
FNDA:0,LogSchema::metadata_key_target_path
FNDA:0,LogSchema::set_message_key
FNDA:0,LogSchema::set_timestamp_key
FNDA:0,LogSchema::set_host_key
FNDA:0,LogSchema::set_source_type_key
FNDA:0,LogSchema::set_metadata_key
FNDA:0,LogSchema::merge
DA:32,0
DA:33,0
DA:41,0
DA:42,0
DA:55,0
DA:59,1
DA:61,3
DA:68,0
DA:70,0
DA:74,0
DA:75,0
DA:82,0
DA:83,0
DA:84,0
DA:86,0
DA:92,0
DA:93,0
DA:94,0
DA:95,0
DA:101,0
DA:102,0
DA:147,1
DA:149,3
DA:150,1
DA:151,3
DA:152,1
DA:153,3
DA:159,1
DA:160,3
DA:163,3
DA:164,1
DA:167,1
DA:168,3
DA:171,3
DA:172,1
DA:175,1
DA:176,3
DA:179,0
DA:180,0
DA:192,0
DA:193,0
DA:200,0
DA:201,0
DA:204,0
DA:205,0
DA:208,0
DA:209,0
DA:212,0
DA:213,0
DA:216,0
DA:217,0
DA:220,0
DA:221,0
DA:224,0
DA:225,0
DA:228,0
DA:229,0
DA:232,0
DA:233,0
DA:236,0
DA:237,0
DA:240,0
DA:241,0
DA:244,0
DA:245,0
DA:248,0
DA:249,0
DA:252,0
DA:253,0
DA:262,0
DA:263,0
DA:265,0
DA:267,0
DA:268,0
DA:270,0
DA:272,0
DA:274,0
DA:275,0
DA:277,0
DA:279,0
DA:281,0
DA:282,0
DA:284,0
DA:286,0
DA:288,0
DA:289,0
DA:291,0
DA:293,0
DA:295,0
DA:296,0
DA:298,0
DA:300,0
DA:304,0
DA:305,0
DA:307,0
LF:95
LH:18
end_of_record
TN:
SF:/data/home/paulning/agent/scx_agent/lib/agent-core/src/config/mod.rs
FN:34,<impl Display for DataType>::fmt
FN:51,Input::data_type
FN:55,Input::schema_requirement
FN:59,Input::new
FN:66,Input::log
FN:73,Input::metric
FN:80,Input::trace
FN:87,Input::all
FN:96,Input::with_schema_requirement
FN:119,SourceOutput::new_maybe_logs
FN:137,SourceOutput::new_metrics
FN:151,SourceOutput::new_traces
FN:164,SourceOutput::schema_definition
FN:183,SourceOutput::with_port
FN:189,fmt_helper
FN:202,<impl Display for SourceOutput>::fmt
FN:220,<impl Display for TransformOutput>::fmt
FN:229,TransformOutput::new
FN:239,TransformOutput::with_port
FN:248,TransformOutput::schema_definitions
FN:271,clone_input_definitions
FN:298,<impl From for LogNamespace>::from
FN:309,<impl Default for LogNamespace>::default
FN:335,LogNamespace::insert_source_metadata
FN:363,LogNamespace::get_source_metadata
FN:377,LogNamespace::insert_standard_vector_source_metadata
FN:401,LogNamespace::insert_vector_metadata
FN:431,LogNamespace::get_vector_metadata
FN:440,LogNamespace::new_log_from_data
FNF:29
FNDA:0,<impl Display for DataType>::fmt
FNDA:0,Input::data_type
FNDA:0,Input::schema_requirement
FNDA:0,Input::new
FNDA:0,Input::log
FNDA:0,Input::metric
FNDA:0,Input::trace
FNDA:0,Input::all
FNDA:0,Input::with_schema_requirement
FNDA:0,SourceOutput::new_maybe_logs
FNDA:0,SourceOutput::new_metrics
FNDA:0,SourceOutput::new_traces
FNDA:0,SourceOutput::schema_definition
FNDA:0,SourceOutput::with_port
FNDA:0,fmt_helper
FNDA:0,<impl Display for SourceOutput>::fmt
FNDA:0,<impl Display for TransformOutput>::fmt
FNDA:0,TransformOutput::new
FNDA:0,TransformOutput::with_port
FNDA:0,TransformOutput::schema_definitions
FNDA:0,clone_input_definitions
FNDA:0,<impl From for LogNamespace>::from
FNDA:0,<impl Default for LogNamespace>::default
FNDA:0,LogNamespace::insert_source_metadata
FNDA:0,LogNamespace::get_source_metadata
FNDA:0,LogNamespace::insert_standard_vector_source_metadata
FNDA:0,LogNamespace::insert_vector_metadata
FNDA:0,LogNamespace::get_vector_metadata
FNDA:0,LogNamespace::new_log_from_data
DA:34,0
DA:35,0
DA:37,0
DA:51,0
DA:52,0
DA:55,0
DA:59,0
DA:62,0
DA:66,0
DA:69,0
DA:73,0
DA:76,0
DA:80,0
DA:83,0
DA:87,0
DA:89,0
DA:90,0
DA:96,0
DA:97,0
DA:98,0
DA:119,0
DA:120,0
DA:122,0
DA:137,0
DA:151,0
DA:164,0
DA:167,0
DA:168,0
DA:169,0
DA:172,0
DA:173,0
DA:174,0
DA:183,0
DA:184,0
DA:185,0
DA:189,0
DA:194,0
DA:195,0
DA:196,0
DA:198,0
DA:202,0
DA:203,0
DA:220,0
DA:221,0
DA:229,0
DA:239,0
DA:240,0
DA:241,0
DA:248,0
DA:252,0
DA:253,0
DA:255,0
DA:257,0
DA:259,0
DA:260,0
DA:261,0
DA:271,0
DA:274,0
DA:276,0
DA:298,0
DA:299,0
DA:300,0
DA:302,0
DA:309,0
DA:335,0
DA:336,0
DA:337,0
DA:339,0
DA:341,0
DA:343,0
DA:344,0
DA:346,0
DA:347,0
DA:363,0
DA:364,0
DA:367,0
DA:368,0
DA:377,0
DA:383,0
DA:385,0
DA:386,0
DA:387,0
DA:389,0
DA:391,0
DA:392,0
DA:401,0
DA:408,0
DA:409,0
DA:410,0
DA:412,0
DA:414,0
DA:415,0
DA:416,0
DA:431,0
DA:432,0
DA:435,0
DA:436,0
DA:440,0
DA:441,0
DA:442,0
LF:100
LH:0
end_of_record
TN:
SF:/data/home/paulning/agent/scx_agent/lib/agent-core/src/config/output_id.rs
FN:26,OutputId::dummy
FN:35,OutputId::with_definitions
FN:47,<impl Display for OutputId>::fmt
FN:80,<impl From for OutputId>::from
FNF:4
FNDA:0,OutputId::dummy
FNDA:0,OutputId::with_definitions
FNDA:0,<impl Display for OutputId>::fmt
FNDA:0,<impl From for OutputId>::from
DA:26,0
DA:28,0
DA:35,0
DA:39,0
DA:41,0
DA:47,0
DA:48,0
DA:49,0
DA:50,0
DA:56,0
DA:65,0
DA:66,0
DA:71,0
DA:73,0
DA:74,0
DA:80,0
DA:82,0
LF:17
LH:0
end_of_record
TN:
SF:/data/home/paulning/agent/scx_agent/lib/agent-core/src/event/array.rs
FN:42,EventContainer::is_empty
FN:55,into_event_stream
FN:62,<impl EventContainer for Event>::len
FN:66,<impl EventContainer for Event>::is_empty
FN:70,<impl EventContainer for Event>::into_events
FN:78,<impl EventContainer for LogEvent>::len
FN:82,<impl EventContainer for LogEvent>::is_empty
FN:86,<impl EventContainer for LogEvent>::into_events
FN:94,<impl EventContainer for Metric>::len
FN:98,<impl EventContainer for Metric>::is_empty
FN:102,<impl EventContainer for Metric>::into_events
FN:110,<impl EventContainer for LogArray>::len
FN:114,<impl EventContainer for LogArray>::into_events
FN:122,<impl EventContainer for MetricArray>::len
FN:126,<impl EventContainer for MetricArray>::into_events
FN:144,EventArray::set_output_id
FN:165,EventArray::set_source_type
FN:174,EventArray::iter_events
FN:183,EventArray::iter_events_mut
FN:192,EventArray::iter_logs_mut
FN:235,<impl From for EventArray>::from
FN:241,<impl ByteSizeOf for EventArray>::allocated_bytes
FN:251,<impl EstimatedJsonEncodedSizeOf for EventArray>::estimated_json_encoded_size_of
FN:261,<impl EventCount for EventArray>::event_count
FN:273,<impl EventContainer for EventArray>::len
FN:282,<impl EventContainer for EventArray>::into_events
FN:292,<impl EventDataEq for EventArray>::event_data_eq
FN:303,<impl Finalizable for EventArray>::take_finalizers
FN:323,<impl Iterator for EventArrayIter<'a>>::next
FN:343,<impl Iterator for EventArrayIterMut<'a>>::next
FN:365,<impl Iterator for EventArrayIntoIter>::next
FN:378,<impl Iterator for TypedArrayIterMut<'a,T>>::next
FN:394,EventArrayBuffer::new
FN:401,EventArrayBuffer::push
FN:423,EventArrayBuffer::take
FN:430,events_into_arrays
FN:448,<impl Iterator for IntoEventArraysIter<I>>::next
FNF:37
FNDA:0,EventContainer::is_empty
FNDA:1,into_event_stream
FNDA:0,<impl EventContainer for Event>::len
FNDA:0,<impl EventContainer for Event>::is_empty
FNDA:0,<impl EventContainer for Event>::into_events
FNDA:0,<impl EventContainer for LogEvent>::len
FNDA:0,<impl EventContainer for LogEvent>::is_empty
FNDA:0,<impl EventContainer for LogEvent>::into_events
FNDA:0,<impl EventContainer for Metric>::len
FNDA:0,<impl EventContainer for Metric>::is_empty
FNDA:0,<impl EventContainer for Metric>::into_events
FNDA:0,<impl EventContainer for LogArray>::len
FNDA:0,<impl EventContainer for LogArray>::into_events
FNDA:0,<impl EventContainer for MetricArray>::len
FNDA:0,<impl EventContainer for MetricArray>::into_events
FNDA:0,EventArray::set_output_id
FNDA:0,EventArray::set_source_type
FNDA:0,EventArray::iter_events
FNDA:0,EventArray::iter_events_mut
FNDA:0,EventArray::iter_logs_mut
FNDA:0,<impl From for EventArray>::from
FNDA:0,<impl ByteSizeOf for EventArray>::allocated_bytes
FNDA:0,<impl EstimatedJsonEncodedSizeOf for EventArray>::estimated_json_encoded_size_of
FNDA:0,<impl EventCount for EventArray>::event_count
FNDA:0,<impl EventContainer for EventArray>::len
FNDA:1,<impl EventContainer for EventArray>::into_events
FNDA:0,<impl EventDataEq for EventArray>::event_data_eq
FNDA:0,<impl Finalizable for EventArray>::take_finalizers
FNDA:0,<impl Iterator for EventArrayIter<'a>>::next
FNDA:0,<impl Iterator for EventArrayIterMut<'a>>::next
FNDA:1,<impl Iterator for EventArrayIntoIter>::next
FNDA:0,<impl Iterator for TypedArrayIterMut<'a,T>>::next
FNDA:0,EventArrayBuffer::new
FNDA:0,EventArrayBuffer::push
FNDA:0,EventArrayBuffer::take
FNDA:0,events_into_arrays
FNDA:0,<impl Iterator for IntoEventArraysIter<I>>::next
DA:42,0
DA:43,0
DA:55,1
DA:56,1
DA:62,0
DA:66,0
DA:70,0
DA:71,0
DA:78,0
DA:82,0
DA:86,0
DA:87,0
DA:94,0
DA:98,0
DA:102,0
DA:103,0
DA:110,0
DA:111,0
DA:114,0
DA:115,0
DA:122,0
DA:123,0
DA:126,0
DA:127,0
DA:144,0
DA:145,0
DA:146,0
DA:147,0
DA:148,0
DA:151,0
DA:152,0
DA:153,0
DA:156,0
DA:157,0
DA:158,0
DA:165,0
DA:166,0
DA:167,0
DA:168,0
DA:174,0
DA:175,0
DA:176,0
DA:177,0
DA:178,0
DA:183,0
DA:184,0
DA:185,0
DA:186,0
DA:187,0
DA:192,0
DA:193,0
DA:194,0
DA:195,0
DA:201,1
DA:202,1
DA:203,0
DA:204,1
DA:205,0
DA:211,0
DA:212,0
DA:217,0
DA:218,0
DA:223,0
DA:224,0
DA:229,0
DA:230,0
DA:235,0
DA:236,0
DA:241,0
DA:242,0
DA:243,0
DA:244,0
DA:245,0
DA:251,0
DA:252,0
DA:253,0
DA:254,0
DA:255,0
DA:261,0
DA:262,0
DA:263,0
DA:264,0
DA:265,0
DA:273,0
DA:274,0
DA:275,0
DA:276,0
DA:277,0
DA:282,1
DA:283,1
DA:284,0
DA:285,1
DA:286,0
DA:292,0
DA:293,0
DA:294,0
DA:295,0
DA:296,0
DA:297,0
DA:303,0
DA:304,0
DA:305,0
DA:306,0
DA:307,0
DA:323,0
DA:324,0
DA:325,0
DA:326,0
DA:343,0
DA:344,0
DA:345,0
DA:346,0
DA:365,1
DA:366,1
DA:367,0
DA:368,1
DA:369,0
DA:378,0
DA:379,0
DA:394,0
DA:395,0
DA:396,0
DA:401,0
DA:402,0
DA:403,0
DA:404,0
DA:405,0
DA:407,0
DA:408,0
DA:410,0
DA:411,0
DA:413,0
DA:414,0
DA:416,0
DA:417,0
DA:419,0
DA:423,0
DA:424,0
DA:430,0
DA:435,0
DA:436,0
DA:448,0
DA:449,0
DA:450,0
DA:451,0
DA:454,0
LF:146
LH:11
end_of_record
TN:
SF:/data/home/paulning/agent/scx_agent/lib/agent-core/src/event/estimated_json_encoded_size_of.rs
FN:32,<impl EstimatedJsonEncodedSizeOf for &T>::estimated_json_encoded_size_of
FN:38,<impl EstimatedJsonEncodedSizeOf for Option<T>>::estimated_json_encoded_size_of
FN:49,<impl EstimatedJsonEncodedSizeOf for SmallVec<[T;N]>>::estimated_json_encoded_size_of
FN:55,<impl EstimatedJsonEncodedSizeOf for Value>::estimated_json_encoded_size_of
FN:76,<impl EstimatedJsonEncodedSizeOf for str>::estimated_json_encoded_size_of
FN:82,<impl EstimatedJsonEncodedSizeOf for String>::estimated_json_encoded_size_of
FN:88,<impl EstimatedJsonEncodedSizeOf for KeyString>::estimated_json_encoded_size_of
FN:94,<impl EstimatedJsonEncodedSizeOf for Bytes>::estimated_json_encoded_size_of
FN:100,<impl EstimatedJsonEncodedSizeOf for bool>::estimated_json_encoded_size_of
FN:110,<impl EstimatedJsonEncodedSizeOf for f64>::estimated_json_encoded_size_of
FN:116,<impl EstimatedJsonEncodedSizeOf for f32>::estimated_json_encoded_size_of
FN:122,<impl EstimatedJsonEncodedSizeOf for NotNan<T>>::estimated_json_encoded_size_of
FN:134,<impl EstimatedJsonEncodedSizeOf for BTreeMap<K,V>>::estimated_json_encoded_size_of
FN:158,<impl EstimatedJsonEncodedSizeOf for HashMap<K,V,S>>::estimated_json_encoded_size_of
FN:178,<impl EstimatedJsonEncodedSizeOf for Vec<V>>::estimated_json_encoded_size_of
FN:199,<impl EstimatedJsonEncodedSizeOf for DateTime<Utc>>::estimated_json_encoded_size_of
FN:217,<impl EstimatedJsonEncodedSizeOf for u8>::estimated_json_encoded_size_of
FN:231,<impl EstimatedJsonEncodedSizeOf for i8>::estimated_json_encoded_size_of
FN:248,<impl EstimatedJsonEncodedSizeOf for u16>::estimated_json_encoded_size_of
FN:264,<impl EstimatedJsonEncodedSizeOf for i16>::estimated_json_encoded_size_of
FN:285,<impl EstimatedJsonEncodedSizeOf for u32>::estimated_json_encoded_size_of
FN:306,<impl EstimatedJsonEncodedSizeOf for i32>::estimated_json_encoded_size_of
FN:337,<impl EstimatedJsonEncodedSizeOf for u64>::estimated_json_encoded_size_of
FN:368,<impl EstimatedJsonEncodedSizeOf for i64>::estimated_json_encoded_size_of
FN:416,<impl EstimatedJsonEncodedSizeOf for usize>::estimated_json_encoded_size_of
FN:422,<impl EstimatedJsonEncodedSizeOf for isize>::estimated_json_encoded_size_of
FNF:26
FNDA:0,<impl EstimatedJsonEncodedSizeOf for &T>::estimated_json_encoded_size_of
FNDA:0,<impl EstimatedJsonEncodedSizeOf for Option<T>>::estimated_json_encoded_size_of
FNDA:0,<impl EstimatedJsonEncodedSizeOf for SmallVec<[T;N]>>::estimated_json_encoded_size_of
FNDA:0,<impl EstimatedJsonEncodedSizeOf for Value>::estimated_json_encoded_size_of
FNDA:0,<impl EstimatedJsonEncodedSizeOf for str>::estimated_json_encoded_size_of
FNDA:0,<impl EstimatedJsonEncodedSizeOf for String>::estimated_json_encoded_size_of
FNDA:0,<impl EstimatedJsonEncodedSizeOf for KeyString>::estimated_json_encoded_size_of
FNDA:0,<impl EstimatedJsonEncodedSizeOf for Bytes>::estimated_json_encoded_size_of
FNDA:0,<impl EstimatedJsonEncodedSizeOf for bool>::estimated_json_encoded_size_of
FNDA:0,<impl EstimatedJsonEncodedSizeOf for f64>::estimated_json_encoded_size_of
FNDA:0,<impl EstimatedJsonEncodedSizeOf for f32>::estimated_json_encoded_size_of
FNDA:0,<impl EstimatedJsonEncodedSizeOf for NotNan<T>>::estimated_json_encoded_size_of
FNDA:0,<impl EstimatedJsonEncodedSizeOf for BTreeMap<K,V>>::estimated_json_encoded_size_of
FNDA:0,<impl EstimatedJsonEncodedSizeOf for HashMap<K,V,S>>::estimated_json_encoded_size_of
FNDA:0,<impl EstimatedJsonEncodedSizeOf for Vec<V>>::estimated_json_encoded_size_of
FNDA:0,<impl EstimatedJsonEncodedSizeOf for DateTime<Utc>>::estimated_json_encoded_size_of
FNDA:0,<impl EstimatedJsonEncodedSizeOf for u8>::estimated_json_encoded_size_of
FNDA:0,<impl EstimatedJsonEncodedSizeOf for i8>::estimated_json_encoded_size_of
FNDA:0,<impl EstimatedJsonEncodedSizeOf for u16>::estimated_json_encoded_size_of
FNDA:0,<impl EstimatedJsonEncodedSizeOf for i16>::estimated_json_encoded_size_of
FNDA:0,<impl EstimatedJsonEncodedSizeOf for u32>::estimated_json_encoded_size_of
FNDA:0,<impl EstimatedJsonEncodedSizeOf for i32>::estimated_json_encoded_size_of
FNDA:0,<impl EstimatedJsonEncodedSizeOf for u64>::estimated_json_encoded_size_of
FNDA:0,<impl EstimatedJsonEncodedSizeOf for i64>::estimated_json_encoded_size_of
FNDA:0,<impl EstimatedJsonEncodedSizeOf for usize>::estimated_json_encoded_size_of
FNDA:0,<impl EstimatedJsonEncodedSizeOf for isize>::estimated_json_encoded_size_of
DA:32,0
DA:33,0
DA:38,0
DA:39,0
DA:40,0
DA:41,0
DA:49,0
DA:50,0
DA:55,0
DA:56,0
DA:57,0
DA:58,0
DA:59,0
DA:60,0
DA:61,0
DA:62,0
DA:63,0
DA:64,0
DA:65,0
DA:76,0
DA:77,0
DA:82,0
DA:83,0
DA:88,0
DA:89,0
DA:94,0
DA:95,0
DA:100,0
DA:101,0
DA:102,0
DA:104,0
DA:110,0
DA:111,0
DA:116,0
DA:117,0
DA:122,0
DA:123,0
DA:134,0
DA:135,0
DA:136,0
DA:137,0
DA:138,0
DA:139,0
DA:142,0
DA:143,0
DA:145,0
DA:158,0
DA:159,0
DA:160,0
DA:161,0
DA:162,0
DA:163,0
DA:166,0
DA:167,0
DA:169,0
DA:178,0
DA:179,0
DA:180,0
DA:183,0
DA:184,0
DA:186,0
DA:199,0
DA:200,0
DA:201,0
DA:202,0
DA:203,0
DA:204,0
DA:205,0
DA:206,0
DA:208,0
DA:211,0
DA:217,0
DA:218,0
DA:222,0
DA:223,0
DA:224,0
DA:231,0
DA:232,0
DA:236,0
DA:237,0
DA:238,0
DA:239,0
DA:240,0
DA:241,0
DA:248,0
DA:249,0
DA:253,0
DA:254,0
DA:255,0
DA:256,0
DA:257,0
DA:264,0
DA:265,0
DA:269,0
DA:270,0
DA:271,0
DA:272,0
DA:273,0
DA:274,0
DA:275,0
DA:276,0
DA:277,0
DA:278,0
DA:285,0
DA:286,0
DA:290,0
DA:291,0
DA:292,0
DA:293,0
DA:294,0
DA:295,0
DA:296,0
DA:297,0
DA:298,0
DA:299,0
DA:306,0
DA:307,0
DA:311,0
DA:312,0
DA:313,0
DA:314,0
DA:315,0
DA:316,0
DA:317,0
DA:318,0
DA:319,0
DA:320,0
DA:321,0
DA:322,0
DA:323,0
DA:324,0
DA:325,0
DA:326,0
DA:327,0
DA:328,0
DA:329,0
DA:330,0
DA:337,0
DA:338,0
DA:342,0
DA:343,0
DA:344,0
DA:345,0
DA:346,0
DA:347,0
DA:348,0
DA:349,0
DA:350,0
DA:351,0
DA:352,0
DA:353,0
DA:354,0
DA:355,0
DA:356,0
DA:357,0
DA:358,0
DA:359,0
DA:360,0
DA:361,0
DA:368,0
DA:369,0
DA:373,0
DA:374,0
DA:375,0
DA:376,0
DA:377,0
DA:378,0
DA:379,0
DA:380,0
DA:381,0
DA:382,0
DA:383,0
DA:384,0
DA:385,0
DA:386,0
DA:387,0
DA:388,0
DA:389,0
DA:390,0
DA:391,0
DA:392,0
DA:393,0
DA:394,0
DA:395,0
DA:396,0
DA:397,0
DA:398,0
DA:399,0
DA:400,0
DA:401,0
DA:402,0
DA:403,0
DA:404,0
DA:405,0
DA:406,0
DA:407,0
DA:408,0
DA:409,0
DA:410,0
DA:416,0
DA:417,0
DA:422,0
DA:423,0
LF:203
LH:0
end_of_record
TN:
[...]
FN:509,<impl Drop for LimitedReceiver<T>>::drop
FN:517,limited
FN:544,LimitedSender<T>::get_required_permits_for_item
FN:552,LimitedSender<T>::available_capacity
FN:563,LimitedSender<T>::send
FN:599,LimitedSender<T>::try_send
FN:630,<impl Clone for LimitedSender<T>>::clone
FN:641,<impl Drop for LimitedSender<T>>::drop
FN:665,<impl Debug for Output>::fmt
FN:676,Output::new_with_buffer
FN:699,Output::send
FN:741,Output::send_event
FN:755,Output::send_event_stream
FN:762,Output::send_batch
FN:788,Output::emit_lag_time
FN:819,get_timestamp_millis
FNF:50
FNDA:0,<impl Display for ClosedError>::fmt
FNDA:0,<impl From for ClosedError>::from
FNDA:0,<impl ByteSizeOf for SourceSenderItem>::allocated_bytes
FNDA:0,<impl EventCount for SourceSenderItem>::event_count
FNDA:0,<impl EstimatedJsonEncodedSizeOf for SourceSenderItem>::estimated_json_encoded_size_of
FNDA:0,<impl EventContainer for SourceSenderItem>::len
FNDA:0,<impl EventContainer for SourceSenderItem>::into_events
FNDA:0,<impl From for EventArray>::from
FNDA:0,<impl Default for Builder>::default
FNDA:0,Builder::with_buffer
FNDA:0,Builder::add_source_output
FNDA:0,Builder::build
FNDA:0,SourceSender::builder
FNDA:0,SourceSender::new_test_sender_with_buffer
FNDA:0,SourceSender::new_test
FNDA:0,SourceSender::new_test_finalize
FNDA:0,SourceSender::new_test_errors
FNDA:0,SourceSender::add_outputs
FNDA:0,SourceSender::default_output_mut
FNDA:0,SourceSender::send_event
FNDA:0,SourceSender::send_event_stream
FNDA:0,SourceSender::send_batch
FNDA:0,SourceSender::send_batch_named
FNDA:0,UnsentEventCount::new
FNDA:0,UnsentEventCount::decr
FNDA:0,UnsentEventCount::discard
FNDA:0,<impl Drop for UnsentEventCount>::drop
FNDA:0,<impl Display for SendError<T>>::fmt
FNDA:0,TrySendError<T>::into_inner
FNDA:0,<impl Display for TrySendError<T>>::fmt
FNDA:0,<impl Clone for Inner<T>>::clone
FNDA:0,LimitedReceiver<T>::available_capacity
FNDA:0,LimitedReceiver<T>::next
FNDA:0,LimitedReceiver<T>::into_stream
FNDA:0,<impl Drop for LimitedReceiver<T>>::drop
FNDA:0,limited
FNDA:0,LimitedSender<T>::get_required_permits_for_item
FNDA:0,LimitedSender<T>::available_capacity
FNDA:0,LimitedSender<T>::send
FNDA:0,LimitedSender<T>::try_send
FNDA:0,<impl Clone for LimitedSender<T>>::clone
FNDA:0,<impl Drop for LimitedSender<T>>::drop
FNDA:0,<impl Debug for Output>::fmt
FNDA:0,Output::new_with_buffer
FNDA:0,Output::send
FNDA:0,Output::send_event
FNDA:0,Output::send_event_stream
FNDA:0,Output::send_batch
FNDA:0,Output::emit_lag_time
FNDA:0,get_timestamp_millis
DA:67,0
DA:68,0
DA:75,0
DA:81,0
DA:87,0
DA:88,0
DA:107,0
DA:108,0
DA:113,0
DA:114,0
DA:119,0
DA:120,0
DA:127,0
DA:128,0
DA:131,0
DA:132,0
DA:137,0
DA:138,0
DA:154,0
DA:158,0
DA:159,0
DA:166,0
DA:167,0
DA:168,0
DA:171,0
DA:176,0
DA:177,0
DA:180,0
DA:182,0
DA:185,0
DA:186,0
DA:187,0
DA:188,0
DA:189,0
DA:191,0
DA:192,0
DA:194,0
DA:196,0
DA:197,0
DA:198,0
DA:199,0
DA:200,0
DA:202,0
DA:203,0
DA:208,0
DA:210,0
DA:211,0
DA:226,0
DA:227,0
DA:231,0
DA:232,0
DA:234,0
DA:237,0
DA:240,0
DA:241,0
DA:242,0
DA:244,0
DA:249,0
DA:250,0
DA:251,0
DA:252,0
DA:256,0
DA:257,0
DA:261,0
DA:262,0
DA:263,0
DA:264,0
DA:265,0
DA:267,0
DA:269,0
DA:276,0
DA:280,0
DA:281,0
DA:282,0
DA:283,0
DA:285,0
DA:287,0
DA:288,0
DA:289,0
DA:290,0
DA:291,0
DA:293,0
DA:295,0
DA:299,0
DA:307,0
DA:308,0
DA:310,0
DA:311,0
DA:312,0
DA:313,0
DA:314,0
DA:315,0
DA:317,0
DA:319,0
DA:320,0
DA:324,0
DA:325,0
DA:331,0
DA:332,0
DA:343,0
DA:350,0
DA:357,0
DA:369,0
DA:370,0
DA:372,0
DA:373,0
DA:386,0
DA:389,0
DA:393,0
DA:394,0
DA:397,0
DA:398,0
DA:403,0
DA:404,0
DA:405,0
DA:414,0
DA:415,0
DA:429,0
DA:430,0
DA:431,0
DA:437,0
DA:438,0
DA:439,0
DA:440,0
DA:442,0
DA:458,0
DA:460,0
DA:461,0
DA:462,0
DA:463,0
DA:475,0
DA:476,0
DA:479,0
DA:480,0
DA:481,0
DA:482,0
DA:487,0
DA:488,0
DA:494,0
DA:498,0
DA:499,0
DA:500,0
DA:501,0
DA:502,0
DA:509,0
DA:513,0
DA:517,0
DA:519,0
DA:521,0
DA:522,0
DA:526,0
DA:527,0
DA:529,0
DA:531,0
DA:544,0
DA:548,0
DA:552,0
DA:553,0
DA:563,0
DA:565,0
DA:566,0
DA:567,0
DA:568,0
DA:570,0
DA:571,0
DA:572,0
DA:573,0
DA:576,0
DA:577,0
DA:578,0
DA:579,0
DA:580,0
DA:582,0
DA:584,0
DA:599,0
DA:601,0
DA:602,0
DA:603,0
DA:604,0
DA:605,0
DA:606,0
DA:608,0
DA:609,0
DA:610,0
DA:611,0
DA:612,0
DA:617,0
DA:618,0
DA:619,0
DA:620,0
DA:621,0
DA:623,0
DA:625,0
DA:630,0
DA:631,0
DA:634,0
DA:635,0
DA:641,0
DA:643,0
DA:644,0
DA:645,0
DA:665,0
DA:666,0
DA:667,0
DA:668,0
DA:676,0
DA:683,0
DA:685,0
DA:686,0
DA:687,0
DA:688,0
DA:689,0
DA:691,0
DA:692,0
DA:694,0
DA:699,0
DA:704,0
DA:705,0
DA:706,0
DA:708,0
DA:711,0
DA:714,0
DA:715,0
DA:718,0
DA:720,0
DA:723,0
DA:724,0
DA:727,0
DA:728,0
DA:729,0
DA:732,0
DA:733,0
DA:735,0
DA:736,0
DA:737,0
DA:741,0
DA:742,0
DA:746,0
DA:747,0
DA:755,0
DA:756,0
DA:757,0
DA:759,0
DA:762,0
DA:771,0
DA:772,0
DA:773,0
DA:774,0
DA:775,0
DA:776,0
DA:779,0
DA:782,0
DA:788,0
DA:789,0
DA:790,0
DA:791,0
DA:792,0
DA:794,0
DA:795,0
DA:798,0
DA:800,0
DA:801,0
DA:802,0
DA:804,0
DA:805,0
DA:809,0
DA:812,0
DA:813,0
DA:819,0
DA:820,0
DA:821,0
DA:822,0
LF:272
LH:0
end_of_record
TN:
SF:/data/home/paulning/agent/scx_agent/src/template.rs
FN:105,<impl TryFrom for Template>::try_from
FN:142,<impl Display for Template>::fmt
FN:153,Template::with_tz_offset
FN:158,Template::render
FN:166,Template::render_string
FN:177,Template::render_event
FN:217,Template::get_fields
FN:234,Template::get_ref
FN:239,Template::is_empty
FN:244,Template::is_dynamic
FN:261,<impl Default for UnsignedIntTemplateSource>::default
FN:267,<impl Display for UnsignedIntTemplateSource>::fmt
FN:305,<impl From for UnsignedIntTemplateSource>::from
FN:327,<impl From for UnsignedIntTemplate>::from
FN:338,<impl TryFrom for UnsignedIntTemplate>::try_from
FN:364,<impl From for String>::from
FN:370,<impl Display for UnsignedIntTemplate>::fmt
FN:380,<impl ConfigurableNumber for UnsignedIntTemplate>::class
FN:390,UnsignedIntTemplate::render
FN:396,UnsignedIntTemplate::render_event
FN:435,UnsignedIntTemplate::get_fields
FN:467,ParsedStrftime::parse
FN:491,ParsedStrftime::is_dynamic
FN:503,ParsedStrftime::as_items
FN:507,ParsedStrftime::reserve_size
FN:523,parse_literal
FN:533,parse_template
FN:558,render_metric_field
FN:567,render_timestamp
FNF:29
FNDA:3,<impl TryFrom for Template>::try_from
FNDA:0,<impl Display for Template>::fmt
FNDA:4,Template::with_tz_offset
FNDA:2,Template::render
FNDA:2,Template::render_string
FNDA:1,Template::render_event
FNDA:1,Template::get_fields
FNDA:1,Template::get_ref
FNDA:0,Template::is_empty
FNDA:0,Template::is_dynamic
FNDA:0,<impl Default for UnsignedIntTemplateSource>::default
FNDA:0,<impl Display for UnsignedIntTemplateSource>::fmt
FNDA:0,<impl From for UnsignedIntTemplateSource>::from
FNDA:0,<impl From for UnsignedIntTemplate>::from
FNDA:0,<impl TryFrom for UnsignedIntTemplate>::try_from
FNDA:0,<impl From for String>::from
FNDA:0,<impl Display for UnsignedIntTemplate>::fmt
FNDA:0,<impl ConfigurableNumber for UnsignedIntTemplate>::class
FNDA:0,UnsignedIntTemplate::render
FNDA:0,UnsignedIntTemplate::render_event
FNDA:0,UnsignedIntTemplate::get_fields
FNDA:1,ParsedStrftime::parse
FNDA:3,ParsedStrftime::is_dynamic
FNDA:1,ParsedStrftime::as_items
FNDA:2,ParsedStrftime::reserve_size
FNDA:1,parse_literal
FNDA:4,parse_template
FNDA:0,render_metric_field
FNDA:1,render_timestamp
DA:21,2
DA:81,1
DA:82,1
DA:89,2
DA:90,2
DA:97,1
DA:98,2
DA:105,3
DA:106,9
DA:107,1
DA:108,4
DA:113,3
DA:115,4
DA:116,1
DA:119,0
DA:120,2
DA:124,1
DA:125,1
DA:126,1
DA:127,1
DA:129,1
DA:136,0
DA:137,0
DA:142,0
DA:143,0
DA:153,4
DA:154,4
DA:155,4
DA:158,2
DA:162,2
DA:166,2
DA:170,3
DA:171,2
DA:173,2
DA:177,1
DA:178,1
DA:179,2
DA:180,3
DA:181,1
DA:182,0
DA:183,1
DA:184,3
DA:186,0
DA:187,0
DA:188,0
DA:189,0
DA:192,0
DA:193,0
DA:194,0
DA:196,0
DA:199,0
DA:201,0
DA:202,0
DA:203,0
DA:209,2
DA:210,1
DA:212,0
DA:217,1
DA:218,1
DA:221,1
DA:222,1
DA:223,0
DA:225,2
DA:229,4
DA:234,1
DA:235,1
DA:239,0
DA:240,0
DA:244,0
DA:245,0
DA:261,0
DA:262,0
DA:267,0
DA:268,0
DA:269,0
DA:270,0
DA:293,0
DA:294,0
DA:295,0
DA:296,0
DA:297,0
DA:299,0
DA:305,0
DA:306,0
DA:313,0
DA:314,0
DA:321,0
DA:322,0
DA:327,0
DA:329,0
DA:330,0
DA:338,0
DA:339,0
DA:340,0
DA:341,0
DA:343,0
DA:344,0
DA:345,0
DA:346,0
DA:347,0
DA:349,0
DA:350,0
DA:354,0
DA:355,0
DA:356,0
DA:364,0
DA:365,0
DA:370,0
DA:371,0
DA:380,0
DA:390,0
DA:391,0
DA:392,0
DA:396,0
DA:397,0
DA:398,0
DA:399,0
DA:400,0
DA:401,0
DA:402,0
DA:403,0
DA:404,0
DA:405,0
DA:408,0
DA:409,0
DA:410,0
DA:412,0
DA:415,0
DA:417,0
DA:418,0
DA:419,0
DA:423,0
DA:426,0
DA:427,0
DA:428,0
DA:430,0
DA:435,0
DA:436,0
DA:439,0
DA:440,0
DA:441,0
DA:443,0
DA:447,0
DA:467,1
DA:468,1
DA:469,3
DA:470,4
DA:472,0
DA:473,1
DA:475,0
DA:476,2
DA:477,0
DA:478,0
DA:479,0
DA:481,3
DA:482,2
DA:483,0
DA:484,3
DA:486,0
DA:491,3
DA:492,5
DA:493,0
DA:494,2
DA:499,3
DA:503,1
DA:504,1
DA:507,2
DA:508,2
DA:510,4
DA:511,0
DA:512,2
DA:513,0
DA:514,0
DA:515,0
DA:516,2
DA:517,0
DA:523,1
DA:524,3
DA:525,5
DA:526,2
DA:528,2
DA:533,4
DA:534,4
DA:535,4
DA:536,8
DA:537,0
DA:538,0
DA:539,0
DA:542,0
DA:544,0
DA:545,0
DA:548,0
DA:549,0
DA:551,1
DA:552,3
DA:555,1
DA:558,0
DA:559,0
DA:560,0
DA:561,0
DA:562,0
DA:563,0
DA:567,1
DA:572,2
DA:573,0
DA:574,1
DA:575,0
DA:576,0
DA:578,0
DA:579,0
DA:588,1
DA:589,0
DA:591,0
DA:593,2
DA:595,1
LF:215
LH:84
end_of_record
TN:
SF:/data/home/paulning/agent/scx_agent/src/topology/builder.rs
FN:76,MemoryBuffer::new
FN:89,<impl IntoBuffer for MemoryBuffer>::into_buffer_parts
FN:107,Builder<'a>::new
FN:126,Builder<'a>::build
FN:150,Builder<'a>::finalize_outputs
FN:167,Builder<'a>::load_enrichment_tables
FN:222,Builder<'a>::build_sources
FN:435,Builder<'a>::build_transforms
FN:441,Builder<'a>::build_sinks
FN:587,TopologyPieces::build_or_log_errors
FN:605,TopologyPieces::build
FN:614,filter_events_type
FNF:12
FNDA:0,MemoryBuffer::new
FNDA:0,<impl IntoBuffer for MemoryBuffer>::into_buffer_parts
FNDA:0,Builder<'a>::new
FNDA:0,Builder<'a>::build
FNDA:0,Builder<'a>::finalize_outputs
FNDA:0,Builder<'a>::load_enrichment_tables
FNDA:0,Builder<'a>::build_sources
FNDA:0,Builder<'a>::build_transforms
FNDA:0,Builder<'a>::build_sinks
FNDA:0,TopologyPieces::build_or_log_errors
FNDA:0,TopologyPieces::build
FNDA:0,filter_events_type
DA:52,0
DA:54,0
DA:55,0
DA:76,0
DA:89,0
DA:90,0
DA:107,0
DA:116,0
DA:117,0
DA:118,0
DA:119,0
DA:120,0
DA:121,0
DA:126,0
DA:127,0
DA:128,0
DA:129,0
DA:130,0
DA:134,0
DA:136,0
DA:137,0
DA:138,0
DA:139,0
DA:140,0
DA:141,0
DA:142,0
DA:143,0
DA:146,0
DA:150,0
DA:154,0
DA:155,0
DA:156,0
DA:157,0
DA:158,0
DA:159,0
DA:162,0
DA:167,0
DA:170,0
DA:173,0
DA:175,0
DA:176,0
DA:177,0
DA:180,0
DA:182,0
DA:185,0
DA:186,0
DA:187,0
DA:188,0
DA:189,0
DA:190,0
DA:194,0
DA:195,0
DA:196,0
DA:197,0
DA:199,0
DA:200,0
DA:204,0
DA:205,0
DA:206,0
DA:207,0
DA:213,0
DA:217,0
DA:219,0
DA:222,0
DA:226,0
DA:228,0
DA:229,0
DA:230,0
DA:232,0
DA:234,0
DA:235,0
DA:236,0
DA:237,0
DA:238,0
DA:239,0
DA:240,0
DA:241,0
DA:242,0
DA:245,0
DA:247,0
DA:249,0
DA:251,0
DA:253,0
DA:254,0
DA:255,0
DA:257,0
DA:259,0
DA:261,0
DA:262,0
DA:265,0
DA:266,0
DA:267,0
DA:268,0
DA:270,0
DA:272,0
DA:274,0
DA:275,0
DA:276,0
DA:278,0
DA:279,0
DA:281,0
DA:282,0
DA:283,0
DA:284,0
DA:288,0
DA:289,0
DA:290,0
DA:291,0
DA:292,0
DA:293,0
DA:294,0
DA:295,0
DA:299,0
DA:300,0
DA:303,0
DA:304,0
DA:305,0
DA:306,0
DA:307,0
DA:309,0
DA:312,0
DA:313,0
DA:314,0
DA:318,0
DA:319,0
DA:320,0
DA:326,0
DA:327,0
DA:328,0
DA:331,0
DA:332,0
DA:333,0
DA:336,0
DA:337,0
DA:338,0
DA:342,0
DA:343,0
DA:345,0
DA:347,0
DA:349,0
DA:351,0
DA:353,0
DA:354,0
DA:355,0
DA:358,0
DA:359,0
DA:360,0
DA:364,0
DA:366,0
DA:367,0
DA:368,0
DA:369,0
DA:370,0
DA:372,0
DA:382,0
DA:383,0
DA:385,0
DA:386,0
DA:389,0
DA:396,0
DA:399,0
DA:410,0
DA:411,0
DA:414,0
DA:415,0
DA:416,0
DA:417,0
DA:419,0
DA:420,0
DA:421,0
DA:425,0
DA:427,0
DA:428,0
DA:429,0
DA:432,0
DA:435,0
DA:441,0
DA:445,0
DA:446,0
DA:447,0
DA:449,0
DA:451,0
DA:452,0
DA:453,0
DA:454,0
DA:455,0
DA:456,0
DA:457,0
DA:458,0
DA:459,0
DA:462,0
DA:464,0
DA:466,0
DA:467,0
DA:469,0
DA:471,0
DA:472,0
DA:473,0
DA:475,0
DA:481,0
DA:482,0
DA:483,0
DA:484,0
DA:486,0
DA:489,0
DA:491,0
DA:493,0
DA:494,0
DA:495,0
DA:496,0
DA:498,0
DA:499,0
DA:500,0
DA:501,0
DA:503,0
DA:508,0
DA:509,0
DA:510,0
DA:511,0
DA:512,0
DA:515,0
DA:516,0
DA:517,0
DA:518,0
DA:520,0
DA:523,0
DA:525,0
DA:526,0
DA:527,0
DA:535,0
DA:541,0
DA:543,0
DA:544,0
DA:545,0
DA:546,0
DA:547,0
DA:548,0
DA:549,0
DA:550,0
DA:553,0
DA:555,0
DA:556,0
DA:557,0
DA:558,0
DA:560,0
DA:561,0
DA:562,0
DA:566,0
DA:569,0
DA:570,0
DA:571,0
DA:587,0
DA:593,0
DA:594,0
DA:595,0
DA:596,0
DA:598,0
DA:600,0
DA:605,0
DA:610,0
DA:614,0
DA:615,0
DA:616,0
DA:617,0
DA:618,0
LF:265
LH:0
end_of_record
TN:
SF:/data/home/paulning/agent/scx_agent/src/topology/controller.rs
FN:10,SharedTopologyController::new
FN:14,SharedTopologyController::blocking_lock
FN:18,SharedTopologyController::lock
FN:22,SharedTopologyController::try_into_inner
FN:33,<impl Debug for TopologyController>::fmt
FN:51,TopologyController::stop
FNF:6
FNDA:0,SharedTopologyController::new
FNDA:0,SharedTopologyController::blocking_lock
FNDA:0,SharedTopologyController::lock
FNDA:0,SharedTopologyController::try_into_inner
FNDA:0,<impl Debug for TopologyController>::fmt
FNDA:0,TopologyController::stop
DA:10,0
DA:11,0
DA:14,0
DA:15,0
DA:18,0
DA:19,0
DA:22,0
DA:23,0
DA:33,0
DA:34,0
DA:35,0
DA:51,0
DA:52,0
LF:13
LH:0
end_of_record
TN:
SF:/data/home/paulning/agent/scx_agent/src/topology/mod.rs
FN:47,handle_errors
FN:65,retain
FNF:2
FNDA:0,handle_errors
FNDA:0,retain
DA:47,0
DA:52,0
DA:54,0
DA:55,0
DA:56,0
DA:57,0
DA:58,0
DA:59,0
DA:60,0
DA:65,0
DA:66,0
DA:67,0
DA:68,0
DA:69,0
DA:71,0
LF:15
LH:0
end_of_record
TN:
SF:/data/home/paulning/agent/scx_agent/src/topology/ready_arrays.rs
FN:35,ReadyArrays<T>::flush
FN:55,<impl Stream for ReadyArrays<T>>::poll_next
FNF:2
FNDA:0,ReadyArrays<T>::flush
FNDA:0,<impl Stream for ReadyArrays<T>>::poll_next
DA:35,0
DA:41,0
DA:42,0
DA:43,0
DA:44,0
DA:45,0
DA:55,0
DA:56,0
DA:57,0
DA:58,0
DA:59,0
DA:60,0
DA:65,0
DA:66,0
DA:69,0
DA:73,0
DA:75,0
DA:79,0
DA:80,0
DA:82,0
LF:20
LH:0
end_of_record
TN:
SF:/data/home/paulning/agent/scx_agent/src/topology/running.rs
FN:49,RunningTopology::new
FN:66,RunningTopology::config
FN:72,RunningTopology::extend_reload_set
FN:92,RunningTopology::stop
FN:194,RunningTopology::connect_diff
FN:260,RunningTopology::setup_outputs
FN:278,RunningTopology::setup_inputs
FN:325,RunningTopology::reattach_severed_inputs
FN:358,RunningTopology::spawn_diff
FN:442,RunningTopology::spawn_sink
FN:467,RunningTopology::spawn_transform
FN:492,RunningTopology::spawn_source
FN:532,RunningTopology::start_init_validated
FN:541,RunningTopology::start_validated
FN:557,get_changed_outputs
FNF:15
FNDA:0,RunningTopology::new
FNDA:0,RunningTopology::config
FNDA:0,RunningTopology::extend_reload_set
FNDA:0,RunningTopology::stop
FNDA:0,RunningTopology::connect_diff
FNDA:0,RunningTopology::setup_outputs
FNDA:0,RunningTopology::setup_inputs
FNDA:0,RunningTopology::reattach_severed_inputs
FNDA:0,RunningTopology::spawn_diff
FNDA:0,RunningTopology::spawn_sink
FNDA:0,RunningTopology::spawn_transform
FNDA:0,RunningTopology::spawn_source
FNDA:0,RunningTopology::start_init_validated
FNDA:0,RunningTopology::start_validated
FNDA:0,get_changed_outputs
DA:49,0
DA:51,0
DA:52,0
DA:53,0
DA:54,0
DA:55,0
DA:56,0
DA:58,0
DA:59,0
DA:66,0
DA:72,0
DA:73,0
DA:74,0
DA:75,0
DA:92,0
DA:94,0
DA:97,0
DA:100,0
DA:102,0
DA:106,0
DA:107,0
DA:109,0
DA:110,0
DA:114,0
DA:116,0
DA:118,0
DA:122,0
DA:123,0
DA:124,0
DA:126,0
DA:127,0
DA:128,0
DA:130,0
DA:132,0
DA:134,0
DA:136,0
DA:140,0
DA:142,0
DA:146,0
DA:147,0
DA:148,0
DA:149,0
DA:152,0
DA:153,0
DA:154,0
DA:156,0
DA:158,0
DA:162,0
DA:163,0
DA:164,0
DA:165,0
DA:167,0
DA:169,0
DA:178,0
DA:181,0
DA:182,0
DA:183,0
DA:184,0
DA:188,0
DA:190,0
DA:194,0
DA:199,0
DA:203,0
DA:204,0
DA:205,0
DA:208,0
DA:211,0
DA:213,0
DA:214,0
DA:215,0
DA:220,0
DA:221,0
DA:222,0
DA:227,0
DA:228,0
DA:229,0
DA:233,0
DA:234,0
DA:235,0
DA:237,0
DA:240,0
DA:242,0
DA:243,0
DA:244,0
DA:257,0
DA:260,0
DA:265,0
DA:266,0
DA:267,0
DA:270,0
DA:274,0
DA:278,0
DA:284,0
DA:286,0
DA:294,0
DA:295,0
DA:297,0
DA:298,0
DA:300,0
DA:304,0
DA:306,0
DA:312,0
DA:314,0
DA:318,0
DA:319,0
DA:322,0
DA:325,0
DA:326,0
DA:329,0
DA:330,0
DA:331,0
DA:332,0
DA:333,0
DA:335,0
DA:336,0
DA:337,0
DA:341,0
DA:344,0
DA:345,0
DA:346,0
DA:347,0
DA:348,0
DA:350,0
DA:351,0
DA:352,0
DA:358,0
DA:359,0
DA:360,0
DA:361,0
DA:364,0
DA:365,0
DA:366,0
DA:369,0
DA:373,0
DA:376,0
DA:380,0
DA:383,0
DA:384,0
DA:385,0
DA:388,0
DA:389,0
DA:390,0
DA:393,0
DA:394,0
DA:395,0
DA:398,0
DA:399,0
DA:400,0
DA:403,0
DA:404,0
DA:405,0
DA:408,0
DA:409,0
DA:410,0
DA:413,0
DA:417,0
DA:418,0
DA:422,0
DA:426,0
DA:427,0
DA:431,0
DA:432,0
DA:433,0
DA:436,0
DA:437,0
DA:438,0
DA:442,0
DA:443,0
DA:444,0
DA:447,0
DA:448,0
DA:451,0
DA:453,0
DA:454,0
DA:455,0
DA:456,0
DA:457,0
DA:460,0
DA:461,0
DA:462,0
DA:463,0
DA:467,0
DA:468,0
DA:469,0
DA:472,0
DA:473,0
DA:476,0
DA:478,0
DA:479,0
DA:480,0
DA:481,0
DA:482,0
DA:485,0
DA:486,0
DA:487,0
DA:488,0
DA:492,0
DA:493,0
DA:494,0
DA:497,0
DA:498,0
DA:501,0
DA:503,0
DA:504,0
DA:505,0
DA:506,0
DA:507,0
DA:510,0
DA:511,0
DA:512,0
DA:513,0
DA:516,0
DA:517,0
DA:520,0
DA:521,0
DA:522,0
DA:523,0
DA:524,0
DA:527,0
DA:528,0
DA:529,0
DA:532,0
DA:536,0
DA:537,0
DA:538,0
DA:541,0
DA:546,0
DA:548,0
DA:550,0
DA:551,0
DA:553,0
DA:557,0
DA:558,0
DA:560,0
DA:561,0
DA:562,0
DA:564,0
DA:569,0
DA:570,0
DA:571,0
DA:573,0
DA:578,0
LF:242
LH:0
end_of_record
TN:
SF:/data/home/paulning/agent/scx_agent/src/topology/schema.rs
FN:22,possible_definitions
FN:111,expanded_definitions
FN:210,contains_never
FN:216,validate_sink_expectations
FN:280,ComponentContainer::transform_output_for_port
FN:299,ComponentContainer::source_output_for_port
FN:312,get_output_for_port
FN:319,get_source_output_for_port
FN:327,<impl ComponentContainer for Config>::schema_enabled
FN:331,<impl ComponentContainer for Config>::source_outputs
FN:336,<impl ComponentContainer for Config>::transform_inputs
FN:340,<impl ComponentContainer for Config>::transform_outputs
FNF:12
FNDA:0,possible_definitions
FNDA:0,expanded_definitions
FNDA:0,contains_never
FNDA:0,validate_sink_expectations
FNDA:0,ComponentContainer::transform_output_for_port
FNDA:0,ComponentContainer::source_output_for_port
FNDA:0,get_output_for_port
FNDA:0,get_source_output_for_port
FNDA:0,<impl ComponentContainer for Config>::schema_enabled
FNDA:0,<impl ComponentContainer for Config>::source_outputs
FNDA:0,<impl ComponentContainer for Config>::transform_inputs
FNDA:0,<impl ComponentContainer for Config>::transform_outputs
DA:22,0
DA:28,0
DA:29,0
DA:33,0
DA:34,0
DA:37,0
DA:39,0
DA:40,0
DA:43,0
DA:44,0
DA:45,0
DA:46,0
DA:47,0
DA:49,0
DA:52,0
DA:55,0
DA:56,0
DA:59,0
DA:63,0
DA:64,0
DA:67,0
DA:68,0
DA:71,0
DA:72,0
DA:73,0
DA:76,0
DA:77,0
DA:79,0
DA:82,0
DA:87,0
DA:88,0
DA:91,0
DA:95,0
DA:111,0
DA:118,0
DA:119,0
DA:122,0
DA:123,0
DA:125,0
DA:126,0
DA:133,0
DA:137,0
DA:140,0
DA:141,0
DA:142,0
DA:143,0
DA:146,0
DA:149,0
DA:152,0
DA:155,0
DA:156,0
DA:159,0
DA:163,0
DA:164,0
DA:167,0
DA:168,0
DA:171,0
DA:172,0
DA:173,0
DA:174,0
DA:175,0
DA:176,0
DA:182,0
DA:189,0
DA:190,0
DA:195,0
DA:199,0
DA:200,0
DA:201,0
DA:204,0
DA:210,0
DA:211,0
DA:213,0
DA:216,0
DA:222,0
DA:226,0
DA:227,0
DA:230,0
DA:231,0
DA:233,0
DA:235,0
DA:236,0
DA:241,0
DA:242,0
DA:243,0
DA:244,0
DA:248,0
DA:254,0
DA:255,0
DA:258,0
DA:280,0
DA:287,0
DA:288,0
DA:290,0
DA:299,0
DA:304,0
DA:305,0
DA:307,0
DA:312,0
DA:316,0
DA:319,0
DA:323,0
DA:327,0
DA:328,0
DA:331,0
DA:332,0
DA:333,0
DA:336,0
DA:337,0
DA:340,0
DA:346,0
DA:347,0
DA:348,0
DA:349,0
DA:350,0
LF:115
LH:0
end_of_record
TN:
SF:/data/home/paulning/agent/scx_agent/src/topology/task.rs
FN:39,TaskError::wrapped
FN:45,<impl From for TaskError>::from
FN:66,Task::new
FN:78,Task::id
FN:83,Task::typetag
FN:91,<impl Future for Task>::poll
FN:98,<impl Debug for Task>::fmt
FNF:7
FNDA:0,TaskError::wrapped
FNDA:0,<impl From for TaskError>::from
FNDA:0,Task::new
FNDA:0,Task::id
FNDA:0,Task::typetag
FNDA:0,<impl Future for Task>::poll
FNDA:0,<impl Debug for Task>::fmt
DA:39,0
DA:45,0
DA:46,0
DA:47,0
DA:49,0
DA:66,0
DA:72,0
DA:74,0
DA:78,0
DA:79,0
DA:83,0
DA:84,0
DA:91,0
DA:92,0
DA:93,0
DA:98,0
DA:99,0
DA:100,0
DA:101,0
LF:19
LH:0
end_of_record
